{"total": {"lines":{"total":40660,"covered":6812,"skipped":0,"pct":16.75},"statements":{"total":40660,"covered":6812,"skipped":0,"pct":16.75},"functions":{"total":473,"covered":132,"skipped":0,"pct":27.9},"branches":{"total":808,"covered":694,"skipped":0,"pct":85.89},"branchesTrue":{"total":0,"covered":0,"skipped":0,"pct":100}}
,"<repo-root>/backend/src/chains.ts": {"lines":{"total":53,"covered":42,"skipped":0,"pct":79.24},"functions":{"total":5,"covered":5,"skipped":0,"pct":100},"statements":{"total":53,"covered":42,"skipped":0,"pct":79.24},"branches":{"total":12,"covered":9,"skipped":0,"pct":75}}
,"<repo-root>/backend/src/clients.ts": {"lines":{"total":9,"covered":9,"skipped":0,"pct":100},"functions":{"total":0,"covered":0,"skipped":0,"pct":100},"statements":{"total":9,"covered":9,"skipped":0,"pct":100},"branches":{"total":0,"covered":0,"skipped":0,"pct":100}}
,"<repo-root>/backend/src/config.ts": {"lines":{"total":178,"covered":178,"skipped":0,"pct":100},"functions":{"total":14,"covered":14,"skipped":0,"pct":100},"statements":{"total":178,"covered":178,"skipped":0,"pct":100},"branches":{"total":31,"covered":30,"skipped":0,"pct":96.77}}
,"<repo-root>/backend/src/db.ts": {"lines":{"total":355,"covered":262,"skipped":0,"pct":73.8},"functions":{"total":6,"covered":6,"skipped":0,"pct":100},"statements":{"total":355,"covered":262,"skipped":0,"pct":73.8},"branches":{"total":45,"covered":36,"skipped":0,"pct":80}}
,"<repo-root>/backend/src/escrow-semantics.ts": {"lines":{"total":139,"covered":137,"skipped":0,"pct":98.56},"functions":{"total":7,"covered":7,"skipped":0,"pct":100},"statements":{"total":139,"covered":137,"skipped":0,"pct":98.56},"branches":{"total":61,"covered":54,"skipped":0,"pct":88.52}}
,"<repo-root>/backend/src/escrows.ts": {"lines":{"total":113,"covered":113,"skipped":0,"pct":100},"functions":{"total":3,"covered":3,"skipped":0,"pct":100},"statements":{"total":113,"covered":113,"skipped":0,"pct":100},"branches":{"total":3,"covered":3,"skipped":0,"pct":100}}
,"<repo-root>/backend/src/index.ts": {"lines":{"total":858,"covered":728,"skipped":0,"pct":84.84},"functions":{"total":20,"covered":18,"skipped":0,"pct":90},"statements":{"total":858,"covered":728,"skipped":0,"pct":84.84},"branches":{"total":111,"covered":82,"skipped":0,"pct":73.87}}
,"<repo-root>/backend/src/indexer.ts": {"lines":{"total":892,"covered":781,"skipped":0,"pct":87.55},"functions":{"total":29,"covered":29,"skipped":0,"pct":100},"statements":{"total":892,"covered":781,"skipped":0,"pct":87.55},"branches":{"total":172,"covered":132,"skipped":0,"pct":76.74}}
,"<repo-root>/backend/src/metadata.ts": {"lines":{"total":202,"covered":138,"skipped":0,"pct":68.31},"functions":{"total":8,"covered":6,"skipped":0,"pct":75},"statements":{"total":202,"covered":138,"skipped":0,"pct":68.31},"branches":{"total":27,"covered":20,"skipped":0,"pct":74.07}}
,"<repo-root>/backend/src/repository.ts": {"lines":{"total":651,"covered":640,"skipped":0,"pct":98.31},"functions":{"total":25,"covered":25,"skipped":0,"pct":100},"statements":{"total":651,"covered":640,"skipped":0,"pct":98.31},"branches":{"total":56,"covered":50,"skipped":0,"pct":89.28}}
,"<repo-root>/backend/src/reputation.ts": {"lines":{"total":297,"covered":297,"skipped":0,"pct":100},"functions":{"total":9,"covered":9,"skipped":0,"pct":100},"statements":{"total":297,"covered":297,"skipped":0,"pct":100},"branches":{"total":45,"covered":45,"skipped":0,"pct":100}}
,"<repo-root>/backend/src/sync-loop.ts": {"lines":{"total":50,"covered":41,"skipped":0,"pct":82},"functions":{"total":4,"covered":3,"skipped":0,"pct":75},"statements":{"total":50,"covered":41,"skipped":0,"pct":82},"branches":{"total":5,"covered":4,"skipped":0,"pct":80}}
,"<repo-root>/backend/src/timeline.ts": {"lines":{"total":94,"covered":94,"skipped":0,"pct":100},"functions":{"total":4,"covered":4,"skipped":0,"pct":100},"statements":{"total":94,"covered":94,"skipped":0,"pct":100},"branches":{"total":36,"covered":31,"skipped":0,"pct":86.11}}
,"<repo-root>/backend/src/abi/escrowFactoryAbi.ts": {"lines":{"total":5,"covered":5,"skipped":0,"pct":100},"functions":{"total":0,"covered":0,"skipped":0,"pct":100},"statements":{"total":5,"covered":5,"skipped":0,"pct":100},"branches":{"total":0,"covered":0,"skipped":0,"pct":100}}
,"<repo-root>/backend/src/abi/milestoneEscrowAbi.ts": {"lines":{"total":5,"covered":5,"skipped":0,"pct":100},"functions":{"total":0,"covered":0,"skipped":0,"pct":100},"statements":{"total":5,"covered":5,"skipped":0,"pct":100},"branches":{"total":0,"covered":0,"skipped":0,"pct":100}}
,"<repo-root>/contracts/lib/openzeppelin-contracts/test/sanity.test.js": {"lines":{"total":27,"covered":7,"skipped":0,"pct":25.92},"functions":{"total":1,"covered":0,"skipped":0,"pct":0},"statements":{"total":27,"covered":7,"skipped":0,"pct":25.92},"branches":{"total":1,"covered":1,"skipped":0,"pct":100}}
,"<repo-root>/contracts/lib/openzeppelin-contracts/test/access/AccessControl.behavior.js": {"lines":{"total":874,"covered":20,"skipped":0,"pct":2.28},"functions":{"total":3,"covered":0,"skipped":0,"pct":0},"statements":{"total":874,"covered":20,"skipped":0,"pct":2.28},"branches":{"total":1,"covered":1,"skipped":0,"pct":100}}
,"<repo-root>/contracts/lib/openzeppelin-contracts/test/access/AccessControl.test.js": {"lines":{"total":19,"covered":8,"skipped":0,"pct":42.1},"functions":{"total":1,"covered":0,"skipped":0,"pct":0},"statements":{"total":19,"covered":8,"skipped":0,"pct":42.1},"branches":{"total":1,"covered":1,"skipped":0,"pct":100}}
,"<repo-root>/contracts/lib/openzeppelin-contracts/test/access/Ownable.test.js": {"lines":{"total":79,"covered":7,"skipped":0,"pct":8.86},"functions":{"total":1,"covered":0,"skipped":0,"pct":0},"statements":{"total":79,"covered":7,"skipped":0,"pct":8.86},"branches":{"total":1,"covered":1,"skipped":0,"pct":100}}
,"<repo-root>/contracts/lib/openzeppelin-contracts/test/access/Ownable2Step.test.js": {"lines":{"total":102,"covered":7,"skipped":0,"pct":6.86},"functions":{"total":1,"covered":0,"skipped":0,"pct":0},"statements":{"total":102,"covered":7,"skipped":0,"pct":6.86},"branches":{"total":1,"covered":1,"skipped":0,"pct":100}}
,"<repo-root>/contracts/lib/openzeppelin-contracts/test/access/extensions/AccessControlDefaultAdminRules.test.js": {"lines":{"total":32,"covered":14,"skipped":0,"pct":43.75},"functions":{"total":1,"covered":0,"skipped":0,"pct":0},"statements":{"total":32,"covered":14,"skipped":0,"pct":43.75},"branches":{"total":1,"covered":1,"skipped":0,"pct":100}}
,"<repo-root>/contracts/lib/openzeppelin-contracts/test/access/extensions/AccessControlEnumerable.test.js": {"lines":{"total":24,"covered":12,"skipped":0,"pct":50},"functions":{"total":1,"covered":0,"skipped":0,"pct":0},"statements":{"total":24,"covered":12,"skipped":0,"pct":50},"branches":{"total":1,"covered":1,"skipped":0,"pct":100}}
,"<repo-root>/contracts/lib/openzeppelin-contracts/test/access/manager/AccessManaged.test.js": {"lines":{"total":146,"covered":10,"skipped":0,"pct":6.84},"functions":{"total":1,"covered":0,"skipped":0,"pct":0},"statements":{"total":146,"covered":10,"skipped":0,"pct":6.84},"branches":{"total":1,"covered":1,"skipped":0,"pct":100}}
,"<repo-root>/contracts/lib/openzeppelin-contracts/test/access/manager/AccessManager.behavior.js": {"lines":{"total":257,"covered":44,"skipped":0,"pct":17.12},"functions":{"total":5,"covered":0,"skipped":0,"pct":0},"statements":{"total":257,"covered":44,"skipped":0,"pct":17.12},"branches":{"total":1,"covered":1,"skipped":0,"pct":100}}
,"<repo-root>/contracts/lib/openzeppelin-contracts/test/access/manager/AccessManager.predicate.js": {"lines":{"total":456,"covered":108,"skipped":0,"pct":23.68},"functions":{"total":19,"covered":0,"skipped":0,"pct":0},"statements":{"total":456,"covered":108,"skipped":0,"pct":23.68},"branches":{"total":1,"covered":1,"skipped":0,"pct":100}}
,"<repo-root>/contracts/lib/openzeppelin-contracts/test/access/manager/AccessManager.test.js": {"lines":{"total":2489,"covered":55,"skipped":0,"pct":2.2},"functions":{"total":1,"covered":0,"skipped":0,"pct":0},"statements":{"total":2489,"covered":55,"skipped":0,"pct":2.2},"branches":{"total":1,"covered":1,"skipped":0,"pct":100}}
,"<repo-root>/contracts/lib/openzeppelin-contracts/test/access/manager/AuthorityUtils.test.js": {"lines":{"total":112,"covered":9,"skipped":0,"pct":8.03},"functions":{"total":1,"covered":0,"skipped":0,"pct":0},"statements":{"total":112,"covered":9,"skipped":0,"pct":8.03},"branches":{"total":1,"covered":1,"skipped":0,"pct":100}}
,"<repo-root>/contracts/lib/openzeppelin-contracts/test/account/Account.behavior.js": {"lines":{"total":144,"covered":9,"skipped":0,"pct":6.25},"functions":{"total":2,"covered":0,"skipped":0,"pct":0},"statements":{"total":144,"covered":9,"skipped":0,"pct":6.25},"branches":{"total":1,"covered":1,"skipped":0,"pct":100}}
,"<repo-root>/contracts/lib/openzeppelin-contracts/test/account/Account.test.js": {"lines":{"total":48,"covered":15,"skipped":0,"pct":31.25},"functions":{"total":1,"covered":0,"skipped":0,"pct":0},"statements":{"total":48,"covered":15,"skipped":0,"pct":31.25},"branches":{"total":1,"covered":1,"skipped":0,"pct":100}}
,"<repo-root>/contracts/lib/openzeppelin-contracts/test/account/AccountECDSA.test.js": {"lines":{"total":52,"covered":14,"skipped":0,"pct":26.92},"functions":{"total":1,"covered":0,"skipped":0,"pct":0},"statements":{"total":52,"covered":14,"skipped":0,"pct":26.92},"branches":{"total":1,"covered":1,"skipped":0,"pct":100}}
,"<repo-root>/contracts/lib/openzeppelin-contracts/test/account/AccountEIP7702.test.js": {"lines":{"total":52,"covered":14,"skipped":0,"pct":26.92},"functions":{"total":1,"covered":0,"skipped":0,"pct":0},"statements":{"total":52,"covered":14,"skipped":0,"pct":26.92},"branches":{"total":1,"covered":1,"skipped":0,"pct":100}}
,"<repo-root>/contracts/lib/openzeppelin-contracts/test/account/AccountERC7913.test.js": {"lines":{"total":138,"covered":22,"skipped":0,"pct":15.94},"functions":{"total":1,"covered":0,"skipped":0,"pct":0},"statements":{"total":138,"covered":22,"skipped":0,"pct":15.94},"branches":{"total":1,"covered":1,"skipped":0,"pct":100}}
,"<repo-root>/contracts/lib/openzeppelin-contracts/test/account/AccountMultiSigner.test.js": {"lines":{"total":326,"covered":26,"skipped":0,"pct":7.97},"functions":{"total":1,"covered":0,"skipped":0,"pct":0},"statements":{"total":326,"covered":26,"skipped":0,"pct":7.97},"branches":{"total":1,"covered":1,"skipped":0,"pct":100}}
,"<repo-root>/contracts/lib/openzeppelin-contracts/test/account/AccountMultiSignerWeighted.test.js": {"lines":{"total":312,"covered":26,"skipped":0,"pct":8.33},"functions":{"total":1,"covered":0,"skipped":0,"pct":0},"statements":{"total":312,"covered":26,"skipped":0,"pct":8.33},"branches":{"total":1,"covered":1,"skipped":0,"pct":100}}
,"<repo-root>/contracts/lib/openzeppelin-contracts/test/account/AccountP256.test.js": {"lines":{"total":58,"covered":15,"skipped":0,"pct":25.86},"functions":{"total":1,"covered":0,"skipped":0,"pct":0},"statements":{"total":58,"covered":15,"skipped":0,"pct":25.86},"branches":{"total":1,"covered":1,"skipped":0,"pct":100}}
,"<repo-root>/contracts/lib/openzeppelin-contracts/test/account/AccountRSA.test.js": {"lines":{"total":58,"covered":15,"skipped":0,"pct":25.86},"functions":{"total":1,"covered":0,"skipped":0,"pct":0},"statements":{"total":58,"covered":15,"skipped":0,"pct":25.86},"branches":{"total":1,"covered":1,"skipped":0,"pct":100}}
,"<repo-root>/contracts/lib/openzeppelin-contracts/test/account/AccountWebAuthn.test.js": {"lines":{"total":75,"covered":18,"skipped":0,"pct":24},"functions":{"total":1,"covered":0,"skipped":0,"pct":0},"statements":{"total":75,"covered":18,"skipped":0,"pct":24},"branches":{"total":1,"covered":1,"skipped":0,"pct":100}}
,"<repo-root>/contracts/lib/openzeppelin-contracts/test/account/examples/AccountEIP7702WithModulesMock.test.js": {"lines":{"total":99,"covered":17,"skipped":0,"pct":17.17},"functions":{"total":1,"covered":0,"skipped":0,"pct":0},"statements":{"total":99,"covered":17,"skipped":0,"pct":17.17},"branches":{"total":1,"covered":1,"skipped":0,"pct":100}}
,"<repo-root>/contracts/lib/openzeppelin-contracts/test/account/extensions/AccountERC7579.behavior.js": {"lines":{"total":621,"covered":31,"skipped":0,"pct":4.99},"functions":{"total":1,"covered":0,"skipped":0,"pct":0},"statements":{"total":621,"covered":31,"skipped":0,"pct":4.99},"branches":{"total":1,"covered":1,"skipped":0,"pct":100}}
,"<repo-root>/contracts/lib/openzeppelin-contracts/test/account/extensions/AccountERC7579.test.js": {"lines":{"total":60,"covered":14,"skipped":0,"pct":23.33},"functions":{"total":1,"covered":0,"skipped":0,"pct":0},"statements":{"total":60,"covered":14,"skipped":0,"pct":23.33},"branches":{"total":1,"covered":1,"skipped":0,"pct":100}}
,"<repo-root>/contracts/lib/openzeppelin-contracts/test/account/extensions/AccountERC7579Hooked.test.js": {"lines":{"total":60,"covered":14,"skipped":0,"pct":23.33},"functions":{"total":1,"covered":0,"skipped":0,"pct":0},"statements":{"total":60,"covered":14,"skipped":0,"pct":23.33},"branches":{"total":1,"covered":1,"skipped":0,"pct":100}}
,"<repo-root>/contracts/lib/openzeppelin-contracts/test/account/extensions/ERC7821.behavior.js": {"lines":{"total":145,"covered":9,"skipped":0,"pct":6.2},"functions":{"total":1,"covered":0,"skipped":0,"pct":0},"statements":{"total":145,"covered":9,"skipped":0,"pct":6.2},"branches":{"total":1,"covered":1,"skipped":0,"pct":100}}
,"<repo-root>/contracts/lib/openzeppelin-contracts/test/account/utils/EIP7702Utils.test.js": {"lines":{"total":53,"covered":17,"skipped":0,"pct":32.07},"functions":{"total":2,"covered":0,"skipped":0,"pct":0},"statements":{"total":53,"covered":17,"skipped":0,"pct":32.07},"branches":{"total":1,"covered":1,"skipped":0,"pct":100}}
,"<repo-root>/contracts/lib/openzeppelin-contracts/test/account/utils/draft-ERC4337Utils.test.js": {"lines":{"total":594,"covered":15,"skipped":0,"pct":2.52},"functions":{"total":1,"covered":0,"skipped":0,"pct":0},"statements":{"total":594,"covered":15,"skipped":0,"pct":2.52},"branches":{"total":1,"covered":1,"skipped":0,"pct":100}}
,"<repo-root>/contracts/lib/openzeppelin-contracts/test/account/utils/draft-ERC7579Utils.test.js": {"lines":{"total":399,"covered":23,"skipped":0,"pct":5.76},"functions":{"total":1,"covered":0,"skipped":0,"pct":0},"statements":{"total":399,"covered":23,"skipped":0,"pct":5.76},"branches":{"total":1,"covered":1,"skipped":0,"pct":100}}
,"<repo-root>/contracts/lib/openzeppelin-contracts/test/crosschain/BridgeERC20.behavior.js": {"lines":{"total":144,"covered":10,"skipped":0,"pct":6.94},"functions":{"total":1,"covered":0,"skipped":0,"pct":0},"statements":{"total":144,"covered":10,"skipped":0,"pct":6.94},"branches":{"total":1,"covered":1,"skipped":0,"pct":100}}
,"<repo-root>/contracts/lib/openzeppelin-contracts/test/crosschain/BridgeERC20.test.js": {"lines":{"total":46,"covered":12,"skipped":0,"pct":26.08},"functions":{"total":1,"covered":0,"skipped":0,"pct":0},"statements":{"total":46,"covered":12,"skipped":0,"pct":26.08},"branches":{"total":1,"covered":1,"skipped":0,"pct":100}}
,"<repo-root>/contracts/lib/openzeppelin-contracts/test/crosschain/ERC7786Recipient.test.js": {"lines":{"total":55,"covered":15,"skipped":0,"pct":27.27},"functions":{"total":1,"covered":0,"skipped":0,"pct":0},"statements":{"total":55,"covered":15,"skipped":0,"pct":27.27},"branches":{"total":1,"covered":1,"skipped":0,"pct":100}}
,"<repo-root>/contracts/lib/openzeppelin-contracts/test/finance/VestingWallet.behavior.js": {"lines":{"total":87,"covered":10,"skipped":0,"pct":11.49},"functions":{"total":2,"covered":0,"skipped":0,"pct":0},"statements":{"total":87,"covered":10,"skipped":0,"pct":11.49},"branches":{"total":1,"covered":1,"skipped":0,"pct":100}}
,"<repo-root>/contracts/lib/openzeppelin-contracts/test/finance/VestingWallet.test.js": {"lines":{"total":65,"covered":12,"skipped":0,"pct":18.46},"functions":{"total":1,"covered":0,"skipped":0,"pct":0},"statements":{"total":65,"covered":12,"skipped":0,"pct":18.46},"branches":{"total":1,"covered":1,"skipped":0,"pct":100}}
,"<repo-root>/contracts/lib/openzeppelin-contracts/test/finance/VestingWalletCliff.test.js": {"lines":{"total":70,"covered":12,"skipped":0,"pct":17.14},"functions":{"total":1,"covered":0,"skipped":0,"pct":0},"statements":{"total":70,"covered":12,"skipped":0,"pct":17.14},"branches":{"total":1,"covered":1,"skipped":0,"pct":100}}
,"<repo-root>/contracts/lib/openzeppelin-contracts/test/governance/Governor.test.js": {"lines":{"total":980,"covered":33,"skipped":0,"pct":3.36},"functions":{"total":2,"covered":0,"skipped":0,"pct":0},"statements":{"total":980,"covered":33,"skipped":0,"pct":3.36},"branches":{"total":1,"covered":1,"skipped":0,"pct":100}}
,"<repo-root>/contracts/lib/openzeppelin-contracts/test/governance/TimelockController.test.js": {"lines":{"total":1279,"covered":26,"skipped":0,"pct":2.03},"functions":{"total":4,"covered":0,"skipped":0,"pct":0},"statements":{"total":1279,"covered":26,"skipped":0,"pct":2.03},"branches":{"total":1,"covered":1,"skipped":0,"pct":100}}
,"<repo-root>/contracts/lib/openzeppelin-contracts/test/governance/extensions/GovernorCountingFractional.test.js": {"lines":{"total":248,"covered":25,"skipped":0,"pct":10.08},"functions":{"total":0,"covered":0,"skipped":0,"pct":100},"statements":{"total":248,"covered":25,"skipped":0,"pct":10.08},"branches":{"total":1,"covered":1,"skipped":0,"pct":100}}
,"<repo-root>/contracts/lib/openzeppelin-contracts/test/governance/extensions/GovernorCountingOverridable.test.js": {"lines":{"total":346,"covered":27,"skipped":0,"pct":7.8},"functions":{"total":1,"covered":0,"skipped":0,"pct":0},"statements":{"total":346,"covered":27,"skipped":0,"pct":7.8},"branches":{"total":1,"covered":1,"skipped":0,"pct":100}}
,"<repo-root>/contracts/lib/openzeppelin-contracts/test/governance/extensions/GovernorERC721.test.js": {"lines":{"total":131,"covered":27,"skipped":0,"pct":20.61},"functions":{"total":0,"covered":0,"skipped":0,"pct":100},"statements":{"total":131,"covered":27,"skipped":0,"pct":20.61},"branches":{"total":1,"covered":1,"skipped":0,"pct":100}}
,"<repo-root>/contracts/lib/openzeppelin-contracts/test/governance/extensions/GovernorNoncesKeyed.test.js": {"lines":{"total":243,"covered":25,"skipped":0,"pct":10.28},"functions":{"total":2,"covered":0,"skipped":0,"pct":0},"statements":{"total":243,"covered":25,"skipped":0,"pct":10.28},"branches":{"total":1,"covered":1,"skipped":0,"pct":100}}
,"<repo-root>/contracts/lib/openzeppelin-contracts/test/governance/extensions/GovernorPreventLateQuorum.test.js": {"lines":{"total":185,"covered":26,"skipped":0,"pct":14.05},"functions":{"total":0,"covered":0,"skipped":0,"pct":100},"statements":{"total":185,"covered":26,"skipped":0,"pct":14.05},"branches":{"total":1,"covered":1,"skipped":0,"pct":100}}
,"<repo-root>/contracts/lib/openzeppelin-contracts/test/governance/extensions/GovernorProposalGuardian.test.js": {"lines":{"total":132,"covered":23,"skipped":0,"pct":17.42},"functions":{"total":0,"covered":0,"skipped":0,"pct":100},"statements":{"total":132,"covered":23,"skipped":0,"pct":17.42},"branches":{"total":1,"covered":1,"skipped":0,"pct":100}}
,"<repo-root>/contracts/lib/openzeppelin-contracts/test/governance/extensions/GovernorSequentialProposalId.test.js": {"lines":{"total":202,"covered":26,"skipped":0,"pct":12.87},"functions":{"total":1,"covered":0,"skipped":0,"pct":0},"statements":{"total":202,"covered":26,"skipped":0,"pct":12.87},"branches":{"total":1,"covered":1,"skipped":0,"pct":100}}
,"<repo-root>/contracts/lib/openzeppelin-contracts/test/governance/extensions/GovernorStorage.test.js": {"lines":{"total":175,"covered":31,"skipped":0,"pct":17.71},"functions":{"total":0,"covered":0,"skipped":0,"pct":100},"statements":{"total":175,"covered":31,"skipped":0,"pct":17.71},"branches":{"total":1,"covered":1,"skipped":0,"pct":100}}
,"<repo-root>/contracts/lib/openzeppelin-contracts/test/governance/extensions/GovernorSuperQuorum.test.js": {"lines":{"total":168,"covered":32,"skipped":0,"pct":19.04},"functions":{"total":0,"covered":0,"skipped":0,"pct":100},"statements":{"total":168,"covered":32,"skipped":0,"pct":19.04},"branches":{"total":1,"covered":1,"skipped":0,"pct":100}}
,"<repo-root>/contracts/lib/openzeppelin-contracts/test/governance/extensions/GovernorTimelockAccess.test.js": {"lines":{"total":864,"covered":29,"skipped":0,"pct":3.35},"functions":{"total":1,"covered":0,"skipped":0,"pct":0},"statements":{"total":864,"covered":29,"skipped":0,"pct":3.35},"branches":{"total":1,"covered":1,"skipped":0,"pct":100}}
,"<repo-root>/contracts/lib/openzeppelin-contracts/test/governance/extensions/GovernorTimelockCompound.test.js": {"lines":{"total":448,"covered":26,"skipped":0,"pct":5.8},"functions":{"total":0,"covered":0,"skipped":0,"pct":100},"statements":{"total":448,"covered":26,"skipped":0,"pct":5.8},"branches":{"total":1,"covered":1,"skipped":0,"pct":100}}
,"<repo-root>/contracts/lib/openzeppelin-contracts/test/governance/extensions/GovernorTimelockControl.test.js": {"lines":{"total":504,"covered":32,"skipped":0,"pct":6.34},"functions":{"total":0,"covered":0,"skipped":0,"pct":100},"statements":{"total":504,"covered":32,"skipped":0,"pct":6.34},"branches":{"total":1,"covered":1,"skipped":0,"pct":100}}
,"<repo-root>/contracts/lib/openzeppelin-contracts/test/governance/extensions/GovernorVotesQuorumFraction.test.js": {"lines":{"total":165,"covered":26,"skipped":0,"pct":15.75},"functions":{"total":0,"covered":0,"skipped":0,"pct":100},"statements":{"total":165,"covered":26,"skipped":0,"pct":15.75},"branches":{"total":1,"covered":1,"skipped":0,"pct":100}}
,"<repo-root>/contracts/lib/openzeppelin-contracts/test/governance/extensions/GovernorVotesSuperQuorumFraction.test.js": {"lines":{"total":160,"covered":27,"skipped":0,"pct":16.87},"functions":{"total":0,"covered":0,"skipped":0,"pct":100},"statements":{"total":160,"covered":27,"skipped":0,"pct":16.87},"branches":{"total":1,"covered":1,"skipped":0,"pct":100}}
,"<repo-root>/contracts/lib/openzeppelin-contracts/test/governance/extensions/GovernorWithParams.test.js": {"lines":{"total":245,"covered":29,"skipped":0,"pct":11.83},"functions":{"total":0,"covered":0,"skipped":0,"pct":100},"statements":{"total":245,"covered":29,"skipped":0,"pct":11.83},"branches":{"total":1,"covered":1,"skipped":0,"pct":100}}
,"<repo-root>/contracts/lib/openzeppelin-contracts/test/governance/utils/ERC6372.behavior.js": {"lines":{"total":28,"covered":7,"skipped":0,"pct":25},"functions":{"total":1,"covered":0,"skipped":0,"pct":0},"statements":{"total":28,"covered":7,"skipped":0,"pct":25},"branches":{"total":1,"covered":1,"skipped":0,"pct":100}}
,"<repo-root>/contracts/lib/openzeppelin-contracts/test/governance/utils/Votes.behavior.js": {"lines":{"total":325,"covered":13,"skipped":0,"pct":4},"functions":{"total":1,"covered":0,"skipped":0,"pct":0},"statements":{"total":325,"covered":13,"skipped":0,"pct":4},"branches":{"total":1,"covered":1,"skipped":0,"pct":100}}
,"<repo-root>/contracts/lib/openzeppelin-contracts/test/governance/utils/Votes.test.js": {"lines":{"total":102,"covered":19,"skipped":0,"pct":18.62},"functions":{"total":0,"covered":0,"skipped":0,"pct":100},"statements":{"total":102,"covered":19,"skipped":0,"pct":18.62},"branches":{"total":1,"covered":1,"skipped":0,"pct":100}}
,"<repo-root>/contracts/lib/openzeppelin-contracts/test/governance/utils/VotesExtended.test.js": {"lines":{"total":152,"covered":19,"skipped":0,"pct":12.5},"functions":{"total":0,"covered":0,"skipped":0,"pct":100},"statements":{"total":152,"covered":19,"skipped":0,"pct":12.5},"branches":{"total":1,"covered":1,"skipped":0,"pct":100}}
,"<repo-root>/contracts/lib/openzeppelin-contracts/test/helpers/access-manager.js": {"lines":{"total":85,"covered":34,"skipped":0,"pct":40},"functions":{"total":5,"covered":0,"skipped":0,"pct":0},"statements":{"total":85,"covered":34,"skipped":0,"pct":40},"branches":{"total":1,"covered":1,"skipped":0,"pct":100}}
,"<repo-root>/contracts/lib/openzeppelin-contracts/test/helpers/account.js": {"lines":{"total":16,"covered":12,"skipped":0,"pct":75},"functions":{"total":1,"covered":0,"skipped":0,"pct":0},"statements":{"total":16,"covered":12,"skipped":0,"pct":75},"branches":{"total":1,"covered":1,"skipped":0,"pct":100}}
,"<repo-root>/contracts/lib/openzeppelin-contracts/test/helpers/chains.js": {"lines":{"total":56,"covered":49,"skipped":0,"pct":87.5},"functions":{"total":2,"covered":0,"skipped":0,"pct":0},"statements":{"total":56,"covered":49,"skipped":0,"pct":87.5},"branches":{"total":1,"covered":1,"skipped":0,"pct":100}}
,"<repo-root>/contracts/lib/openzeppelin-contracts/test/helpers/constants.js": {"lines":{"total":7,"covered":7,"skipped":0,"pct":100},"functions":{"total":0,"covered":0,"skipped":0,"pct":100},"statements":{"total":7,"covered":7,"skipped":0,"pct":100},"branches":{"total":1,"covered":1,"skipped":0,"pct":100}}
,"<repo-root>/contracts/lib/openzeppelin-contracts/test/helpers/deploy.js": {"lines":{"total":14,"covered":10,"skipped":0,"pct":71.42},"functions":{"total":1,"covered":0,"skipped":0,"pct":0},"statements":{"total":14,"covered":10,"skipped":0,"pct":71.42},"branches":{"total":1,"covered":1,"skipped":0,"pct":100}}
,"<repo-root>/contracts/lib/openzeppelin-contracts/test/helpers/eip712-types.js": {"lines":{"total":61,"covered":61,"skipped":0,"pct":100},"functions":{"total":1,"covered":1,"skipped":0,"pct":100},"statements":{"total":61,"covered":61,"skipped":0,"pct":100},"branches":{"total":3,"covered":3,"skipped":0,"pct":100}}
,"<repo-root>/contracts/lib/openzeppelin-contracts/test/helpers/eip712.js": {"lines":{"total":45,"covered":13,"skipped":0,"pct":28.88},"functions":{"total":3,"covered":0,"skipped":0,"pct":0},"statements":{"total":45,"covered":13,"skipped":0,"pct":28.88},"branches":{"total":1,"covered":1,"skipped":0,"pct":100}}
,"<repo-root>/contracts/lib/openzeppelin-contracts/test/helpers/enums.js": {"lines":{"total":15,"covered":15,"skipped":0,"pct":100},"functions":{"total":2,"covered":0,"skipped":0,"pct":0},"statements":{"total":15,"covered":15,"skipped":0,"pct":100},"branches":{"total":1,"covered":1,"skipped":0,"pct":100}}
,"<repo-root>/contracts/lib/openzeppelin-contracts/test/helpers/erc4337.js": {"lines":{"total":244,"covered":70,"skipped":0,"pct":28.68},"functions":{"total":21,"covered":0,"skipped":0,"pct":0},"statements":{"total":244,"covered":70,"skipped":0,"pct":28.68},"branches":{"total":1,"covered":1,"skipped":0,"pct":100}}
,"<repo-root>/contracts/lib/openzeppelin-contracts/test/helpers/erc7579.js": {"lines":{"total":58,"covered":41,"skipped":0,"pct":70.68},"functions":{"total":4,"covered":0,"skipped":0,"pct":0},"statements":{"total":58,"covered":41,"skipped":0,"pct":70.68},"branches":{"total":1,"covered":1,"skipped":0,"pct":100}}
,"<repo-root>/contracts/lib/openzeppelin-contracts/test/helpers/erc7739.js": {"lines":{"total":118,"covered":23,"skipped":0,"pct":19.49},"functions":{"total":5,"covered":0,"skipped":0,"pct":0},"statements":{"total":118,"covered":23,"skipped":0,"pct":19.49},"branches":{"total":2,"covered":1,"skipped":0,"pct":50}}
,"<repo-root>/contracts/lib/openzeppelin-contracts/test/helpers/governance.js": {"lines":{"total":218,"covered":83,"skipped":0,"pct":38.07},"functions":{"total":23,"covered":0,"skipped":0,"pct":0},"statements":{"total":218,"covered":83,"skipped":0,"pct":38.07},"branches":{"total":1,"covered":1,"skipped":0,"pct":100}}
,"<repo-root>/contracts/lib/openzeppelin-contracts/test/helpers/iterate.js": {"lines":{"total":41,"covered":36,"skipped":0,"pct":87.8},"functions":{"total":7,"covered":2,"skipped":0,"pct":28.57},"statements":{"total":41,"covered":36,"skipped":0,"pct":87.8},"branches":{"total":4,"covered":4,"skipped":0,"pct":100}}
,"<repo-root>/contracts/lib/openzeppelin-contracts/test/helpers/math.js": {"lines":{"total":33,"covered":13,"skipped":0,"pct":39.39},"functions":{"total":4,"covered":0,"skipped":0,"pct":0},"statements":{"total":33,"covered":13,"skipped":0,"pct":39.39},"branches":{"total":1,"covered":1,"skipped":0,"pct":100}}
,"<repo-root>/contracts/lib/openzeppelin-contracts/test/helpers/methods.js": {"lines":{"total":14,"covered":11,"skipped":0,"pct":78.57},"functions":{"total":2,"covered":0,"skipped":0,"pct":0},"statements":{"total":14,"covered":11,"skipped":0,"pct":78.57},"branches":{"total":1,"covered":1,"skipped":0,"pct":100}}
,"<repo-root>/contracts/lib/openzeppelin-contracts/test/helpers/precompiles.js": {"lines":{"total":12,"covered":12,"skipped":0,"pct":100},"functions":{"total":0,"covered":0,"skipped":0,"pct":100},"statements":{"total":12,"covered":12,"skipped":0,"pct":100},"branches":{"total":1,"covered":1,"skipped":0,"pct":100}}
,"<repo-root>/contracts/lib/openzeppelin-contracts/test/helpers/random.js": {"lines":{"total":26,"covered":26,"skipped":0,"pct":100},"functions":{"total":7,"covered":0,"skipped":0,"pct":0},"statements":{"total":26,"covered":26,"skipped":0,"pct":100},"branches":{"total":1,"covered":1,"skipped":0,"pct":100}}
,"<repo-root>/contracts/lib/openzeppelin-contracts/test/helpers/signers.js": {"lines":{"total":222,"covered":29,"skipped":0,"pct":13.06},"functions":{"total":6,"covered":0,"skipped":0,"pct":0},"statements":{"total":222,"covered":29,"skipped":0,"pct":13.06},"branches":{"total":5,"covered":1,"skipped":0,"pct":20}}
,"<repo-root>/contracts/lib/openzeppelin-contracts/test/helpers/storage.js": {"lines":{"total":48,"covered":38,"skipped":0,"pct":79.16},"functions":{"total":7,"covered":0,"skipped":0,"pct":0},"statements":{"total":48,"covered":38,"skipped":0,"pct":79.16},"branches":{"total":1,"covered":1,"skipped":0,"pct":100}}
,"<repo-root>/contracts/lib/openzeppelin-contracts/test/helpers/strings.js": {"lines":{"total":5,"covered":5,"skipped":0,"pct":100},"functions":{"total":1,"covered":0,"skipped":0,"pct":0},"statements":{"total":5,"covered":5,"skipped":0,"pct":100},"branches":{"total":1,"covered":1,"skipped":0,"pct":100}}
,"<repo-root>/contracts/lib/openzeppelin-contracts/test/helpers/time.js": {"lines":{"total":33,"covered":31,"skipped":0,"pct":93.93},"functions":{"total":6,"covered":0,"skipped":0,"pct":0},"statements":{"total":33,"covered":31,"skipped":0,"pct":93.93},"branches":{"total":1,"covered":1,"skipped":0,"pct":100}}
,"<repo-root>/contracts/lib/openzeppelin-contracts/test/helpers/trie.js": {"lines":{"total":80,"covered":30,"skipped":0,"pct":37.5},"functions":{"total":11,"covered":0,"skipped":0,"pct":0},"statements":{"total":80,"covered":30,"skipped":0,"pct":37.5},"branches":{"total":1,"covered":1,"skipped":0,"pct":100}}
,"<repo-root>/contracts/lib/openzeppelin-contracts/test/helpers/txpool.js": {"lines":{"total":28,"covered":9,"skipped":0,"pct":32.14},"functions":{"total":1,"covered":0,"skipped":0,"pct":0},"statements":{"total":28,"covered":9,"skipped":0,"pct":32.14},"branches":{"total":1,"covered":1,"skipped":0,"pct":100}}
,"<repo-root>/contracts/lib/openzeppelin-contracts/test/metatx/ERC2771Context.test.js": {"lines":{"total":109,"covered":13,"skipped":0,"pct":11.92},"functions":{"total":1,"covered":0,"skipped":0,"pct":0},"statements":{"total":109,"covered":13,"skipped":0,"pct":11.92},"branches":{"total":1,"covered":1,"skipped":0,"pct":100}}
,"<repo-root>/contracts/lib/openzeppelin-contracts/test/metatx/ERC2771Forwarder.test.js": {"lines":{"total":384,"covered":11,"skipped":0,"pct":2.86},"functions":{"total":1,"covered":0,"skipped":0,"pct":0},"statements":{"total":384,"covered":11,"skipped":0,"pct":2.86},"branches":{"total":1,"covered":1,"skipped":0,"pct":100}}
,"<repo-root>/contracts/lib/openzeppelin-contracts/test/proxy/Clones.behaviour.js": {"lines":{"total":160,"covered":5,"skipped":0,"pct":3.12},"functions":{"total":1,"covered":0,"skipped":0,"pct":0},"statements":{"total":160,"covered":5,"skipped":0,"pct":3.12},"branches":{"total":1,"covered":1,"skipped":0,"pct":100}}
,"<repo-root>/contracts/lib/openzeppelin-contracts/test/proxy/Clones.test.js": {"lines":{"total":177,"covered":14,"skipped":0,"pct":7.9},"functions":{"total":2,"covered":0,"skipped":0,"pct":0},"statements":{"total":177,"covered":14,"skipped":0,"pct":7.9},"branches":{"total":1,"covered":1,"skipped":0,"pct":100}}
,"<repo-root>/contracts/lib/openzeppelin-contracts/test/proxy/Proxy.behaviour.js": {"lines":{"total":198,"covered":7,"skipped":0,"pct":3.53},"functions":{"total":1,"covered":0,"skipped":0,"pct":0},"statements":{"total":198,"covered":7,"skipped":0,"pct":3.53},"branches":{"total":1,"covered":1,"skipped":0,"pct":100}}
,"<repo-root>/contracts/lib/openzeppelin-contracts/test/proxy/ERC1967/ERC1967Proxy.test.js": {"lines":{"total":36,"covered":10,"skipped":0,"pct":27.77},"functions":{"total":1,"covered":0,"skipped":0,"pct":0},"statements":{"total":36,"covered":10,"skipped":0,"pct":27.77},"branches":{"total":1,"covered":1,"skipped":0,"pct":100}}
,"<repo-root>/contracts/lib/openzeppelin-contracts/test/proxy/ERC1967/ERC1967Utils.test.js": {"lines":{"total":162,"covered":9,"skipped":0,"pct":5.55},"functions":{"total":1,"covered":0,"skipped":0,"pct":0},"statements":{"total":162,"covered":9,"skipped":0,"pct":5.55},"branches":{"total":1,"covered":1,"skipped":0,"pct":100}}
,"<repo-root>/contracts/lib/openzeppelin-contracts/test/proxy/beacon/BeaconProxy.test.js": {"lines":{"total":141,"covered":9,"skipped":0,"pct":6.38},"functions":{"total":1,"covered":0,"skipped":0,"pct":0},"statements":{"total":141,"covered":9,"skipped":0,"pct":6.38},"branches":{"total":1,"covered":1,"skipped":0,"pct":100}}
,"<repo-root>/contracts/lib/openzeppelin-contracts/test/proxy/beacon/UpgradeableBeacon.test.js": {"lines":{"total":55,"covered":7,"skipped":0,"pct":12.72},"functions":{"total":1,"covered":0,"skipped":0,"pct":0},"statements":{"total":55,"covered":7,"skipped":0,"pct":12.72},"branches":{"total":1,"covered":1,"skipped":0,"pct":100}}
,"<repo-root>/contracts/lib/openzeppelin-contracts/test/proxy/transparent/ProxyAdmin.test.js": {"lines":{"total":82,"covered":9,"skipped":0,"pct":10.97},"functions":{"total":1,"covered":0,"skipped":0,"pct":0},"statements":{"total":82,"covered":9,"skipped":0,"pct":10.97},"branches":{"total":1,"covered":1,"skipped":0,"pct":100}}
,"<repo-root>/contracts/lib/openzeppelin-contracts/test/proxy/transparent/TransparentUpgradeableProxy.behaviour.js": {"lines":{"total":367,"covered":9,"skipped":0,"pct":2.45},"functions":{"total":1,"covered":0,"skipped":0,"pct":0},"statements":{"total":367,"covered":9,"skipped":0,"pct":2.45},"branches":{"total":1,"covered":1,"skipped":0,"pct":100}}
,"<repo-root>/contracts/lib/openzeppelin-contracts/test/proxy/transparent/TransparentUpgradeableProxy.test.js": {"lines":{"total":28,"covered":9,"skipped":0,"pct":32.14},"functions":{"total":1,"covered":0,"skipped":0,"pct":0},"statements":{"total":28,"covered":9,"skipped":0,"pct":32.14},"branches":{"total":1,"covered":1,"skipped":0,"pct":100}}
,"<repo-root>/contracts/lib/openzeppelin-contracts/test/proxy/utils/Initializable.test.js": {"lines":{"total":216,"covered":6,"skipped":0,"pct":2.77},"functions":{"total":0,"covered":0,"skipped":0,"pct":100},"statements":{"total":216,"covered":6,"skipped":0,"pct":2.77},"branches":{"total":1,"covered":1,"skipped":0,"pct":100}}
,"<repo-root>/contracts/lib/openzeppelin-contracts/test/proxy/utils/UUPSUpgradeable.test.js": {"lines":{"total":120,"covered":9,"skipped":0,"pct":7.5},"functions":{"total":1,"covered":0,"skipped":0,"pct":0},"statements":{"total":120,"covered":9,"skipped":0,"pct":7.5},"branches":{"total":1,"covered":1,"skipped":0,"pct":100}}
,"<repo-root>/contracts/lib/openzeppelin-contracts/test/token/ERC1155/ERC1155.behavior.js": {"lines":{"total":865,"covered":11,"skipped":0,"pct":1.27},"functions":{"total":1,"covered":0,"skipped":0,"pct":0},"statements":{"total":865,"covered":11,"skipped":0,"pct":1.27},"branches":{"total":1,"covered":1,"skipped":0,"pct":100}}
,"<repo-root>/contracts/lib/openzeppelin-contracts/test/token/ERC1155/ERC1155.test.js": {"lines":{"total":258,"covered":13,"skipped":0,"pct":5.03},"functions":{"total":1,"covered":0,"skipped":0,"pct":0},"statements":{"total":258,"covered":13,"skipped":0,"pct":5.03},"branches":{"total":1,"covered":1,"skipped":0,"pct":100}}
,"<repo-root>/contracts/lib/openzeppelin-contracts/test/token/ERC1155/extensions/ERC1155Burnable.test.js": {"lines":{"total":66,"covered":10,"skipped":0,"pct":15.15},"functions":{"total":1,"covered":0,"skipped":0,"pct":0},"statements":{"total":66,"covered":10,"skipped":0,"pct":15.15},"branches":{"total":1,"covered":1,"skipped":0,"pct":100}}
,"<repo-root>/contracts/lib/openzeppelin-contracts/test/token/ERC1155/extensions/ERC1155Pausable.test.js": {"lines":{"total":105,"covered":7,"skipped":0,"pct":6.66},"functions":{"total":1,"covered":0,"skipped":0,"pct":0},"statements":{"total":105,"covered":7,"skipped":0,"pct":6.66},"branches":{"total":1,"covered":1,"skipped":0,"pct":100}}
,"<repo-root>/contracts/lib/openzeppelin-contracts/test/token/ERC1155/extensions/ERC1155Supply.test.js": {"lines":{"total":119,"covered":7,"skipped":0,"pct":5.88},"functions":{"total":1,"covered":0,"skipped":0,"pct":0},"statements":{"total":119,"covered":7,"skipped":0,"pct":5.88},"branches":{"total":1,"covered":1,"skipped":0,"pct":100}}
,"<repo-root>/contracts/lib/openzeppelin-contracts/test/token/ERC1155/extensions/ERC1155URIStorage.test.js": {"lines":{"total":70,"covered":11,"skipped":0,"pct":15.71},"functions":{"total":0,"covered":0,"skipped":0,"pct":100},"statements":{"total":70,"covered":11,"skipped":0,"pct":15.71},"branches":{"total":1,"covered":1,"skipped":0,"pct":100}}
,"<repo-root>/contracts/lib/openzeppelin-contracts/test/token/ERC1155/utils/ERC1155Holder.test.js": {"lines":{"total":56,"covered":13,"skipped":0,"pct":23.21},"functions":{"total":1,"covered":0,"skipped":0,"pct":0},"statements":{"total":56,"covered":13,"skipped":0,"pct":23.21},"branches":{"total":1,"covered":1,"skipped":0,"pct":100}}
,"<repo-root>/contracts/lib/openzeppelin-contracts/test/token/ERC1155/utils/ERC1155Utils.test.js": {"lines":{"total":299,"covered":22,"skipped":0,"pct":7.35},"functions":{"total":2,"covered":0,"skipped":0,"pct":0},"statements":{"total":299,"covered":22,"skipped":0,"pct":7.35},"branches":{"total":1,"covered":1,"skipped":0,"pct":100}}
,"<repo-root>/contracts/lib/openzeppelin-contracts/test/token/ERC20/ERC20.behavior.js": {"lines":{"total":269,"covered":11,"skipped":0,"pct":4.08},"functions":{"total":3,"covered":0,"skipped":0,"pct":0},"statements":{"total":269,"covered":11,"skipped":0,"pct":4.08},"branches":{"total":1,"covered":1,"skipped":0,"pct":100}}
,"<repo-root>/contracts/lib/openzeppelin-contracts/test/token/ERC20/ERC20.test.js": {"lines":{"total":199,"covered":19,"skipped":0,"pct":9.54},"functions":{"total":0,"covered":0,"skipped":0,"pct":100},"statements":{"total":199,"covered":19,"skipped":0,"pct":9.54},"branches":{"total":1,"covered":1,"skipped":0,"pct":100}}
,"<repo-root>/contracts/lib/openzeppelin-contracts/test/token/ERC20/extensions/ERC1363.test.js": {"lines":{"total":370,"covered":20,"skipped":0,"pct":5.4},"functions":{"total":1,"covered":0,"skipped":0,"pct":0},"statements":{"total":370,"covered":20,"skipped":0,"pct":5.4},"branches":{"total":1,"covered":1,"skipped":0,"pct":100}}
,"<repo-root>/contracts/lib/openzeppelin-contracts/test/token/ERC20/extensions/ERC20Burnable.test.js": {"lines":{"total":105,"covered":11,"skipped":0,"pct":10.47},"functions":{"total":1,"covered":0,"skipped":0,"pct":0},"statements":{"total":105,"covered":11,"skipped":0,"pct":10.47},"branches":{"total":1,"covered":1,"skipped":0,"pct":100}}
,"<repo-root>/contracts/lib/openzeppelin-contracts/test/token/ERC20/extensions/ERC20Capped.test.js": {"lines":{"total":55,"covered":11,"skipped":0,"pct":20},"functions":{"total":1,"covered":0,"skipped":0,"pct":0},"statements":{"total":55,"covered":11,"skipped":0,"pct":20},"branches":{"total":1,"covered":1,"skipped":0,"pct":100}}
,"<repo-root>/contracts/lib/openzeppelin-contracts/test/token/ERC20/extensions/ERC20Crosschain.test.js": {"lines":{"total":83,"covered":13,"skipped":0,"pct":15.66},"functions":{"total":1,"covered":0,"skipped":0,"pct":0},"statements":{"total":83,"covered":13,"skipped":0,"pct":15.66},"branches":{"total":1,"covered":1,"skipped":0,"pct":100}}
,"<repo-root>/contracts/lib/openzeppelin-contracts/test/token/ERC20/extensions/ERC20FlashMint.test.js": {"lines":{"total":164,"covered":12,"skipped":0,"pct":7.31},"functions":{"total":1,"covered":0,"skipped":0,"pct":0},"statements":{"total":164,"covered":12,"skipped":0,"pct":7.31},"branches":{"total":1,"covered":1,"skipped":0,"pct":100}}
,"<repo-root>/contracts/lib/openzeppelin-contracts/test/token/ERC20/extensions/ERC20Pausable.test.js": {"lines":{"total":129,"covered":11,"skipped":0,"pct":8.52},"functions":{"total":1,"covered":0,"skipped":0,"pct":0},"statements":{"total":129,"covered":11,"skipped":0,"pct":8.52},"branches":{"total":1,"covered":1,"skipped":0,"pct":100}}
,"<repo-root>/contracts/lib/openzeppelin-contracts/test/token/ERC20/extensions/ERC20Permit.test.js": {"lines":{"total":109,"covered":14,"skipped":0,"pct":12.84},"functions":{"total":1,"covered":0,"skipped":0,"pct":0},"statements":{"total":109,"covered":14,"skipped":0,"pct":12.84},"branches":{"total":1,"covered":1,"skipped":0,"pct":100}}
,"<repo-root>/contracts/lib/openzeppelin-contracts/test/token/ERC20/extensions/ERC20Votes.test.js": {"lines":{"total":546,"covered":22,"skipped":0,"pct":4.02},"functions":{"total":0,"covered":0,"skipped":0,"pct":100},"statements":{"total":546,"covered":22,"skipped":0,"pct":4.02},"branches":{"total":1,"covered":1,"skipped":0,"pct":100}}
,"<repo-root>/contracts/lib/openzeppelin-contracts/test/token/ERC20/extensions/ERC20Wrapper.test.js": {"lines":{"total":203,"covered":14,"skipped":0,"pct":6.89},"functions":{"total":1,"covered":0,"skipped":0,"pct":0},"statements":{"total":203,"covered":14,"skipped":0,"pct":6.89},"branches":{"total":1,"covered":1,"skipped":0,"pct":100}}
,"<repo-root>/contracts/lib/openzeppelin-contracts/test/token/ERC20/extensions/ERC4626.test.js": {"lines":{"total":888,"covered":14,"skipped":0,"pct":1.57},"functions":{"total":1,"covered":0,"skipped":0,"pct":0},"statements":{"total":888,"covered":14,"skipped":0,"pct":1.57},"branches":{"total":1,"covered":1,"skipped":0,"pct":100}}
,"<repo-root>/contracts/lib/openzeppelin-contracts/test/token/ERC20/extensions/draft-ERC20Bridgeable.test.js": {"lines":{"total":89,"covered":14,"skipped":0,"pct":15.73},"functions":{"total":1,"covered":0,"skipped":0,"pct":0},"statements":{"total":89,"covered":14,"skipped":0,"pct":15.73},"branches":{"total":1,"covered":1,"skipped":0,"pct":100}}
,"<repo-root>/contracts/lib/openzeppelin-contracts/test/token/ERC20/extensions/draft-ERC20TemporaryApproval.test.js": {"lines":{"total":142,"covered":14,"skipped":0,"pct":9.85},"functions":{"total":1,"covered":0,"skipped":0,"pct":0},"statements":{"total":142,"covered":14,"skipped":0,"pct":9.85},"branches":{"total":1,"covered":1,"skipped":0,"pct":100}}
,"<repo-root>/contracts/lib/openzeppelin-contracts/test/token/ERC20/utils/SafeERC20.test.js": {"lines":{"total":463,"covered":13,"skipped":0,"pct":2.8},"functions":{"total":2,"covered":0,"skipped":0,"pct":0},"statements":{"total":463,"covered":13,"skipped":0,"pct":2.8},"branches":{"total":1,"covered":1,"skipped":0,"pct":100}}
,"<repo-root>/contracts/lib/openzeppelin-contracts/test/token/ERC6909/ERC6909.behavior.js": {"lines":{"total":216,"covered":9,"skipped":0,"pct":4.16},"functions":{"total":1,"covered":0,"skipped":0,"pct":0},"statements":{"total":216,"covered":9,"skipped":0,"pct":4.16},"branches":{"total":1,"covered":1,"skipped":0,"pct":100}}
,"<repo-root>/contracts/lib/openzeppelin-contracts/test/token/ERC6909/ERC6909.test.js": {"lines":{"total":104,"covered":9,"skipped":0,"pct":8.65},"functions":{"total":1,"covered":0,"skipped":0,"pct":0},"statements":{"total":104,"covered":9,"skipped":0,"pct":8.65},"branches":{"total":1,"covered":1,"skipped":0,"pct":100}}
,"<repo-root>/contracts/lib/openzeppelin-contracts/test/token/ERC6909/extensions/ERC6909ContentURI.test.js": {"lines":{"total":52,"covered":8,"skipped":0,"pct":15.38},"functions":{"total":1,"covered":0,"skipped":0,"pct":0},"statements":{"total":52,"covered":8,"skipped":0,"pct":15.38},"branches":{"total":1,"covered":1,"skipped":0,"pct":100}}
,"<repo-root>/contracts/lib/openzeppelin-contracts/test/token/ERC6909/extensions/ERC6909Metadata.test.js": {"lines":{"total":62,"covered":9,"skipped":0,"pct":14.51},"functions":{"total":1,"covered":0,"skipped":0,"pct":0},"statements":{"total":62,"covered":9,"skipped":0,"pct":14.51},"branches":{"total":1,"covered":1,"skipped":0,"pct":100}}
,"<repo-root>/contracts/lib/openzeppelin-contracts/test/token/ERC6909/extensions/ERC6909TokenSupply.test.js": {"lines":{"total":56,"covered":10,"skipped":0,"pct":17.85},"functions":{"total":1,"covered":0,"skipped":0,"pct":0},"statements":{"total":56,"covered":10,"skipped":0,"pct":17.85},"branches":{"total":1,"covered":1,"skipped":0,"pct":100}}
,"<repo-root>/contracts/lib/openzeppelin-contracts/test/token/ERC721/ERC721.behavior.js": {"lines":{"total":954,"covered":23,"skipped":0,"pct":2.41},"functions":{"total":3,"covered":0,"skipped":0,"pct":0},"statements":{"total":954,"covered":23,"skipped":0,"pct":2.41},"branches":{"total":1,"covered":1,"skipped":0,"pct":100}}
,"<repo-root>/contracts/lib/openzeppelin-contracts/test/token/ERC721/ERC721.test.js": {"lines":{"total":23,"covered":11,"skipped":0,"pct":47.82},"functions":{"total":1,"covered":0,"skipped":0,"pct":0},"statements":{"total":23,"covered":11,"skipped":0,"pct":47.82},"branches":{"total":1,"covered":1,"skipped":0,"pct":100}}
,"<repo-root>/contracts/lib/openzeppelin-contracts/test/token/ERC721/ERC721Enumerable.test.js": {"lines":{"total":28,"covered":15,"skipped":0,"pct":53.57},"functions":{"total":1,"covered":0,"skipped":0,"pct":0},"statements":{"total":28,"covered":15,"skipped":0,"pct":53.57},"branches":{"total":1,"covered":1,"skipped":0,"pct":100}}
,"<repo-root>/contracts/lib/openzeppelin-contracts/test/token/ERC721/extensions/ERC721Burnable.test.js": {"lines":{"total":77,"covered":13,"skipped":0,"pct":16.88},"functions":{"total":1,"covered":0,"skipped":0,"pct":0},"statements":{"total":77,"covered":13,"skipped":0,"pct":16.88},"branches":{"total":1,"covered":1,"skipped":0,"pct":100}}
,"<repo-root>/contracts/lib/openzeppelin-contracts/test/token/ERC721/extensions/ERC721Consecutive.test.js": {"lines":{"total":228,"covered":11,"skipped":0,"pct":4.82},"functions":{"total":0,"covered":0,"skipped":0,"pct":100},"statements":{"total":228,"covered":11,"skipped":0,"pct":4.82},"branches":{"total":1,"covered":1,"skipped":0,"pct":100}}
,"<repo-root>/contracts/lib/openzeppelin-contracts/test/token/ERC721/extensions/ERC721Pausable.test.js": {"lines":{"total":81,"covered":13,"skipped":0,"pct":16.04},"functions":{"total":1,"covered":0,"skipped":0,"pct":0},"statements":{"total":81,"covered":13,"skipped":0,"pct":16.04},"branches":{"total":1,"covered":1,"skipped":0,"pct":100}}
,"<repo-root>/contracts/lib/openzeppelin-contracts/test/token/ERC721/extensions/ERC721Royalty.test.js": {"lines":{"total":57,"covered":17,"skipped":0,"pct":29.82},"functions":{"total":1,"covered":0,"skipped":0,"pct":0},"statements":{"total":57,"covered":17,"skipped":0,"pct":29.82},"branches":{"total":1,"covered":1,"skipped":0,"pct":100}}
,"<repo-root>/contracts/lib/openzeppelin-contracts/test/token/ERC721/extensions/ERC721URIStorage.test.js": {"lines":{"total":134,"covered":17,"skipped":0,"pct":12.68},"functions":{"total":1,"covered":0,"skipped":0,"pct":0},"statements":{"total":134,"covered":17,"skipped":0,"pct":12.68},"branches":{"total":1,"covered":1,"skipped":0,"pct":100}}
,"<repo-root>/contracts/lib/openzeppelin-contracts/test/token/ERC721/extensions/ERC721Votes.test.js": {"lines":{"total":194,"covered":20,"skipped":0,"pct":10.3},"functions":{"total":0,"covered":0,"skipped":0,"pct":100},"statements":{"total":194,"covered":20,"skipped":0,"pct":10.3},"branches":{"total":1,"covered":1,"skipped":0,"pct":100}}
,"<repo-root>/contracts/lib/openzeppelin-contracts/test/token/ERC721/extensions/ERC721Wrapper.test.js": {"lines":{"total":201,"covered":14,"skipped":0,"pct":6.96},"functions":{"total":1,"covered":0,"skipped":0,"pct":0},"statements":{"total":201,"covered":14,"skipped":0,"pct":6.96},"branches":{"total":1,"covered":1,"skipped":0,"pct":100}}
,"<repo-root>/contracts/lib/openzeppelin-contracts/test/token/ERC721/utils/ERC721Holder.test.js": {"lines":{"total":20,"covered":9,"skipped":0,"pct":45},"functions":{"total":0,"covered":0,"skipped":0,"pct":100},"statements":{"total":20,"covered":9,"skipped":0,"pct":45},"branches":{"total":1,"covered":1,"skipped":0,"pct":100}}
,"<repo-root>/contracts/lib/openzeppelin-contracts/test/token/ERC721/utils/ERC721Utils.test.js": {"lines":{"total":94,"covered":18,"skipped":0,"pct":19.14},"functions":{"total":2,"covered":0,"skipped":0,"pct":0},"statements":{"total":94,"covered":18,"skipped":0,"pct":19.14},"branches":{"total":1,"covered":1,"skipped":0,"pct":100}}
,"<repo-root>/contracts/lib/openzeppelin-contracts/test/token/common/ERC2981.behavior.js": {"lines":{"total":152,"covered":9,"skipped":0,"pct":5.92},"functions":{"total":1,"covered":0,"skipped":0,"pct":0},"statements":{"total":152,"covered":9,"skipped":0,"pct":5.92},"branches":{"total":1,"covered":1,"skipped":0,"pct":100}}
,"<repo-root>/contracts/lib/openzeppelin-contracts/test/utils/Address.test.js": {"lines":{"total":332,"covered":13,"skipped":0,"pct":3.91},"functions":{"total":1,"covered":0,"skipped":0,"pct":0},"statements":{"total":332,"covered":13,"skipped":0,"pct":3.91},"branches":{"total":1,"covered":1,"skipped":0,"pct":100}}
,"<repo-root>/contracts/lib/openzeppelin-contracts/test/utils/Arrays.test.js": {"lines":{"total":284,"covered":22,"skipped":0,"pct":7.74},"functions":{"total":5,"covered":0,"skipped":0,"pct":0},"statements":{"total":284,"covered":22,"skipped":0,"pct":7.74},"branches":{"total":1,"covered":1,"skipped":0,"pct":100}}
,"<repo-root>/contracts/lib/openzeppelin-contracts/test/utils/Base58.test.js": {"lines":{"total":65,"covered":7,"skipped":0,"pct":10.76},"functions":{"total":1,"covered":0,"skipped":0,"pct":0},"statements":{"total":65,"covered":7,"skipped":0,"pct":10.76},"branches":{"total":1,"covered":1,"skipped":0,"pct":100}}
,"<repo-root>/contracts/lib/openzeppelin-contracts/test/utils/Base64.test.js": {"lines":{"total":79,"covered":11,"skipped":0,"pct":13.92},"functions":{"total":2,"covered":0,"skipped":0,"pct":0},"statements":{"total":79,"covered":11,"skipped":0,"pct":13.92},"branches":{"total":1,"covered":1,"skipped":0,"pct":100}}
,"<repo-root>/contracts/lib/openzeppelin-contracts/test/utils/Blockhash.test.js": {"lines":{"total":59,"covered":12,"skipped":0,"pct":20.33},"functions":{"total":1,"covered":0,"skipped":0,"pct":0},"statements":{"total":59,"covered":12,"skipped":0,"pct":20.33},"branches":{"total":1,"covered":1,"skipped":0,"pct":100}}
,"<repo-root>/contracts/lib/openzeppelin-contracts/test/utils/Bytes.test.js": {"lines":{"total":371,"covered":22,"skipped":0,"pct":5.92},"functions":{"total":6,"covered":0,"skipped":0,"pct":0},"statements":{"total":371,"covered":22,"skipped":0,"pct":5.92},"branches":{"total":1,"covered":1,"skipped":0,"pct":100}}
,"<repo-root>/contracts/lib/openzeppelin-contracts/test/utils/CAIP.test.js": {"lines":{"total":56,"covered":7,"skipped":0,"pct":12.5},"functions":{"total":0,"covered":0,"skipped":0,"pct":100},"statements":{"total":56,"covered":7,"skipped":0,"pct":12.5},"branches":{"total":1,"covered":1,"skipped":0,"pct":100}}
,"<repo-root>/contracts/lib/openzeppelin-contracts/test/utils/Calldata.test.js": {"lines":{"total":22,"covered":7,"skipped":0,"pct":31.81},"functions":{"total":1,"covered":0,"skipped":0,"pct":0},"statements":{"total":22,"covered":7,"skipped":0,"pct":31.81},"branches":{"total":1,"covered":1,"skipped":0,"pct":100}}
,"<repo-root>/contracts/lib/openzeppelin-contracts/test/utils/Context.behavior.js": {"lines":{"total":48,"covered":8,"skipped":0,"pct":16.66},"functions":{"total":2,"covered":0,"skipped":0,"pct":0},"statements":{"total":48,"covered":8,"skipped":0,"pct":16.66},"branches":{"total":1,"covered":1,"skipped":0,"pct":100}}
,"<repo-root>/contracts/lib/openzeppelin-contracts/test/utils/Context.test.js": {"lines":{"total":18,"covered":8,"skipped":0,"pct":44.44},"functions":{"total":1,"covered":0,"skipped":0,"pct":0},"statements":{"total":18,"covered":8,"skipped":0,"pct":44.44},"branches":{"total":1,"covered":1,"skipped":0,"pct":100}}
,"<repo-root>/contracts/lib/openzeppelin-contracts/test/utils/Create2.test.js": {"lines":{"total":190,"covered":10,"skipped":0,"pct":5.26},"functions":{"total":1,"covered":0,"skipped":0,"pct":0},"statements":{"total":190,"covered":10,"skipped":0,"pct":5.26},"branches":{"total":1,"covered":1,"skipped":0,"pct":100}}
,"<repo-root>/contracts/lib/openzeppelin-contracts/test/utils/LowLevelCall.test.js": {"lines":{"total":257,"covered":13,"skipped":0,"pct":5.05},"functions":{"total":1,"covered":0,"skipped":0,"pct":0},"statements":{"total":257,"covered":13,"skipped":0,"pct":5.05},"branches":{"total":1,"covered":1,"skipped":0,"pct":100}}
,"<repo-root>/contracts/lib/openzeppelin-contracts/test/utils/Memory.test.js": {"lines":{"total":94,"covered":13,"skipped":0,"pct":13.82},"functions":{"total":2,"covered":0,"skipped":0,"pct":0},"statements":{"total":94,"covered":13,"skipped":0,"pct":13.82},"branches":{"total":1,"covered":1,"skipped":0,"pct":100}}
,"<repo-root>/contracts/lib/openzeppelin-contracts/test/utils/Multicall.test.js": {"lines":{"total":72,"covered":7,"skipped":0,"pct":9.72},"functions":{"total":1,"covered":0,"skipped":0,"pct":0},"statements":{"total":72,"covered":7,"skipped":0,"pct":9.72},"branches":{"total":1,"covered":1,"skipped":0,"pct":100}}
,"<repo-root>/contracts/lib/openzeppelin-contracts/test/utils/Nonces.behavior.js": {"lines":{"total":189,"covered":9,"skipped":0,"pct":4.76},"functions":{"total":2,"covered":0,"skipped":0,"pct":0},"statements":{"total":189,"covered":9,"skipped":0,"pct":4.76},"branches":{"total":1,"covered":1,"skipped":0,"pct":100}}
,"<repo-root>/contracts/lib/openzeppelin-contracts/test/utils/Nonces.test.js": {"lines":{"total":16,"covered":7,"skipped":0,"pct":43.75},"functions":{"total":1,"covered":0,"skipped":0,"pct":0},"statements":{"total":16,"covered":7,"skipped":0,"pct":43.75},"branches":{"total":1,"covered":1,"skipped":0,"pct":100}}
,"<repo-root>/contracts/lib/openzeppelin-contracts/test/utils/NoncesKeyed.test.js": {"lines":{"total":17,"covered":7,"skipped":0,"pct":41.17},"functions":{"total":1,"covered":0,"skipped":0,"pct":0},"statements":{"total":17,"covered":7,"skipped":0,"pct":41.17},"branches":{"total":1,"covered":1,"skipped":0,"pct":100}}
,"<repo-root>/contracts/lib/openzeppelin-contracts/test/utils/Packing.test.js": {"lines":{"total":70,"covered":11,"skipped":0,"pct":15.71},"functions":{"total":1,"covered":0,"skipped":0,"pct":0},"statements":{"total":70,"covered":11,"skipped":0,"pct":15.71},"branches":{"total":1,"covered":1,"skipped":0,"pct":100}}
,"<repo-root>/contracts/lib/openzeppelin-contracts/test/utils/Panic.test.js": {"lines":{"total":37,"covered":8,"skipped":0,"pct":21.62},"functions":{"total":1,"covered":0,"skipped":0,"pct":0},"statements":{"total":37,"covered":8,"skipped":0,"pct":21.62},"branches":{"total":1,"covered":1,"skipped":0,"pct":100}}
,"<repo-root>/contracts/lib/openzeppelin-contracts/test/utils/Pausable.test.js": {"lines":{"total":90,"covered":7,"skipped":0,"pct":7.77},"functions":{"total":1,"covered":0,"skipped":0,"pct":0},"statements":{"total":90,"covered":7,"skipped":0,"pct":7.77},"branches":{"total":1,"covered":1,"skipped":0,"pct":100}}
,"<repo-root>/contracts/lib/openzeppelin-contracts/test/utils/RLP.test.js": {"lines":{"total":224,"covered":11,"skipped":0,"pct":4.91},"functions":{"total":1,"covered":0,"skipped":0,"pct":0},"statements":{"total":224,"covered":11,"skipped":0,"pct":4.91},"branches":{"total":1,"covered":1,"skipped":0,"pct":100}}
,"<repo-root>/contracts/lib/openzeppelin-contracts/test/utils/ReentrancyGuard.test.js": {"lines":{"total":58,"covered":5,"skipped":0,"pct":8.62},"functions":{"total":0,"covered":0,"skipped":0,"pct":100},"statements":{"total":58,"covered":5,"skipped":0,"pct":8.62},"branches":{"total":2,"covered":1,"skipped":0,"pct":50}}
,"<repo-root>/contracts/lib/openzeppelin-contracts/test/utils/RelayedCall.test.js": {"lines":{"total":217,"covered":8,"skipped":0,"pct":3.68},"functions":{"total":1,"covered":0,"skipped":0,"pct":0},"statements":{"total":217,"covered":8,"skipped":0,"pct":3.68},"branches":{"total":1,"covered":1,"skipped":0,"pct":100}}
,"<repo-root>/contracts/lib/openzeppelin-contracts/test/utils/ShortStrings.test.js": {"lines":{"total":64,"covered":14,"skipped":0,"pct":21.87},"functions":{"total":4,"covered":0,"skipped":0,"pct":0},"statements":{"total":64,"covered":14,"skipped":0,"pct":21.87},"branches":{"total":1,"covered":1,"skipped":0,"pct":100}}
,"<repo-root>/contracts/lib/openzeppelin-contracts/test/utils/SlotDerivation.test.js": {"lines":{"total":58,"covered":9,"skipped":0,"pct":15.51},"functions":{"total":1,"covered":0,"skipped":0,"pct":0},"statements":{"total":58,"covered":9,"skipped":0,"pct":15.51},"branches":{"total":1,"covered":1,"skipped":0,"pct":100}}
,"<repo-root>/contracts/lib/openzeppelin-contracts/test/utils/StorageSlot.test.js": {"lines":{"total":73,"covered":21,"skipped":0,"pct":28.76},"functions":{"total":1,"covered":0,"skipped":0,"pct":0},"statements":{"total":73,"covered":21,"skipped":0,"pct":28.76},"branches":{"total":1,"covered":1,"skipped":0,"pct":100}}
,"<repo-root>/contracts/lib/openzeppelin-contracts/test/utils/Strings.test.js": {"lines":{"total":366,"covered":8,"skipped":0,"pct":2.18},"functions":{"total":1,"covered":0,"skipped":0,"pct":0},"statements":{"total":366,"covered":8,"skipped":0,"pct":2.18},"branches":{"total":1,"covered":1,"skipped":0,"pct":100}}
,"<repo-root>/contracts/lib/openzeppelin-contracts/test/utils/TransientSlot.test.js": {"lines":{"total":59,"covered":20,"skipped":0,"pct":33.89},"functions":{"total":1,"covered":0,"skipped":0,"pct":0},"statements":{"total":59,"covered":20,"skipped":0,"pct":33.89},"branches":{"total":1,"covered":1,"skipped":0,"pct":100}}
,"<repo-root>/contracts/lib/openzeppelin-contracts/test/utils/draft-InteroperableAddress.test.js": {"lines":{"total":217,"covered":12,"skipped":0,"pct":5.52},"functions":{"total":1,"covered":0,"skipped":0,"pct":0},"statements":{"total":217,"covered":12,"skipped":0,"pct":5.52},"branches":{"total":1,"covered":1,"skipped":0,"pct":100}}
,"<repo-root>/contracts/lib/openzeppelin-contracts/test/utils/cryptography/ECDSA.test.js": {"lines":{"total":322,"covered":12,"skipped":0,"pct":3.72},"functions":{"total":1,"covered":0,"skipped":0,"pct":0},"statements":{"total":322,"covered":12,"skipped":0,"pct":3.72},"branches":{"total":1,"covered":1,"skipped":0,"pct":100}}
,"<repo-root>/contracts/lib/openzeppelin-contracts/test/utils/cryptography/EIP712.test.js": {"lines":{"total":105,"covered":17,"skipped":0,"pct":16.19},"functions":{"total":1,"covered":0,"skipped":0,"pct":0},"statements":{"total":105,"covered":17,"skipped":0,"pct":16.19},"branches":{"total":1,"covered":1,"skipped":0,"pct":100}}
,"<repo-root>/contracts/lib/openzeppelin-contracts/test/utils/cryptography/ERC1271.behavior.js": {"lines":{"total":111,"covered":9,"skipped":0,"pct":8.1},"functions":{"total":1,"covered":0,"skipped":0,"pct":0},"statements":{"total":111,"covered":9,"skipped":0,"pct":8.1},"branches":{"total":1,"covered":1,"skipped":0,"pct":100}}
,"<repo-root>/contracts/lib/openzeppelin-contracts/test/utils/cryptography/ERC7739.test.js": {"lines":{"total":42,"covered":6,"skipped":0,"pct":14.28},"functions":{"total":0,"covered":0,"skipped":0,"pct":100},"statements":{"total":42,"covered":6,"skipped":0,"pct":14.28},"branches":{"total":1,"covered":1,"skipped":0,"pct":100}}
,"<repo-root>/contracts/lib/openzeppelin-contracts/test/utils/cryptography/ERC7739Utils.test.js": {"lines":{"total":203,"covered":14,"skipped":0,"pct":6.89},"functions":{"total":1,"covered":0,"skipped":0,"pct":0},"statements":{"total":203,"covered":14,"skipped":0,"pct":6.89},"branches":{"total":1,"covered":1,"skipped":0,"pct":100}}
,"<repo-root>/contracts/lib/openzeppelin-contracts/test/utils/cryptography/MerkleProof.test.js": {"lines":{"total":213,"covered":14,"skipped":0,"pct":6.57},"functions":{"total":4,"covered":0,"skipped":0,"pct":0},"statements":{"total":213,"covered":14,"skipped":0,"pct":6.57},"branches":{"total":1,"covered":1,"skipped":0,"pct":100}}
,"<repo-root>/contracts/lib/openzeppelin-contracts/test/utils/cryptography/MessageHashUtils.test.js": {"lines":{"total":149,"covered":10,"skipped":0,"pct":6.71},"functions":{"total":1,"covered":0,"skipped":0,"pct":0},"statements":{"total":149,"covered":10,"skipped":0,"pct":6.71},"branches":{"total":1,"covered":1,"skipped":0,"pct":100}}
,"<repo-root>/contracts/lib/openzeppelin-contracts/test/utils/cryptography/P256.test.js": {"lines":{"total":182,"covered":17,"skipped":0,"pct":9.34},"functions":{"total":2,"covered":0,"skipped":0,"pct":0},"statements":{"total":182,"covered":17,"skipped":0,"pct":9.34},"branches":{"total":1,"covered":1,"skipped":0,"pct":100}}
,"<repo-root>/contracts/lib/openzeppelin-contracts/test/utils/cryptography/RSA.helper.js": {"lines":{"total":17,"covered":5,"skipped":0,"pct":29.41},"functions":{"total":1,"covered":0,"skipped":0,"pct":0},"statements":{"total":17,"covered":5,"skipped":0,"pct":29.41},"branches":{"total":1,"covered":1,"skipped":0,"pct":100}}
,"<repo-root>/contracts/lib/openzeppelin-contracts/test/utils/cryptography/RSA.test.js": {"lines":{"total":102,"covered":10,"skipped":0,"pct":9.8},"functions":{"total":1,"covered":0,"skipped":0,"pct":0},"statements":{"total":102,"covered":10,"skipped":0,"pct":9.8},"branches":{"total":1,"covered":1,"skipped":0,"pct":100}}
,"<repo-root>/contracts/lib/openzeppelin-contracts/test/utils/cryptography/SignatureChecker.test.js": {"lines":{"total":427,"covered":19,"skipped":0,"pct":4.44},"functions":{"total":1,"covered":0,"skipped":0,"pct":0},"statements":{"total":427,"covered":19,"skipped":0,"pct":4.44},"branches":{"total":1,"covered":1,"skipped":0,"pct":100}}
,"<repo-root>/contracts/lib/openzeppelin-contracts/test/utils/cryptography/TrieProof.test.js": {"lines":{"total":719,"covered":35,"skipped":0,"pct":4.86},"functions":{"total":2,"covered":0,"skipped":0,"pct":0},"statements":{"total":719,"covered":35,"skipped":0,"pct":4.86},"branches":{"total":1,"covered":1,"skipped":0,"pct":100}}
,"<repo-root>/contracts/lib/openzeppelin-contracts/test/utils/introspection/ERC165.test.js": {"lines":{"total":18,"covered":8,"skipped":0,"pct":44.44},"functions":{"total":1,"covered":0,"skipped":0,"pct":0},"statements":{"total":18,"covered":8,"skipped":0,"pct":44.44},"branches":{"total":1,"covered":1,"skipped":0,"pct":100}}
,"<repo-root>/contracts/lib/openzeppelin-contracts/test/utils/introspection/ERC165Checker.test.js": {"lines":{"total":272,"covered":14,"skipped":0,"pct":5.14},"functions":{"total":1,"covered":0,"skipped":0,"pct":0},"statements":{"total":272,"covered":14,"skipped":0,"pct":5.14},"branches":{"total":1,"covered":1,"skipped":0,"pct":100}}
,"<repo-root>/contracts/lib/openzeppelin-contracts/test/utils/introspection/SupportsInterface.behavior.js": {"lines":{"total":169,"covered":114,"skipped":0,"pct":67.45},"functions":{"total":1,"covered":0,"skipped":0,"pct":0},"statements":{"total":169,"covered":114,"skipped":0,"pct":67.45},"branches":{"total":1,"covered":1,"skipped":0,"pct":100}}
,"<repo-root>/contracts/lib/openzeppelin-contracts/test/utils/math/Math.test.js": {"lines":{"total":746,"covered":26,"skipped":0,"pct":3.48},"functions":{"total":5,"covered":0,"skipped":0,"pct":0},"statements":{"total":746,"covered":26,"skipped":0,"pct":3.48},"branches":{"total":1,"covered":1,"skipped":0,"pct":100}}
,"<repo-root>/contracts/lib/openzeppelin-contracts/test/utils/math/SafeCast.test.js": {"lines":{"total":159,"covered":9,"skipped":0,"pct":5.66},"functions":{"total":1,"covered":0,"skipped":0,"pct":0},"statements":{"total":159,"covered":9,"skipped":0,"pct":5.66},"branches":{"total":1,"covered":1,"skipped":0,"pct":100}}
,"<repo-root>/contracts/lib/openzeppelin-contracts/test/utils/math/SignedMath.test.js": {"lines":{"total":53,"covered":10,"skipped":0,"pct":18.86},"functions":{"total":2,"covered":0,"skipped":0,"pct":0},"statements":{"total":53,"covered":10,"skipped":0,"pct":18.86},"branches":{"total":1,"covered":1,"skipped":0,"pct":100}}
,"<repo-root>/contracts/lib/openzeppelin-contracts/test/utils/structs/BitMap.test.js": {"lines":{"total":149,"covered":7,"skipped":0,"pct":4.69},"functions":{"total":1,"covered":0,"skipped":0,"pct":0},"statements":{"total":149,"covered":7,"skipped":0,"pct":4.69},"branches":{"total":1,"covered":1,"skipped":0,"pct":100}}
,"<repo-root>/contracts/lib/openzeppelin-contracts/test/utils/structs/Checkpoints.test.js": {"lines":{"total":147,"covered":8,"skipped":0,"pct":5.44},"functions":{"total":0,"covered":0,"skipped":0,"pct":100},"statements":{"total":147,"covered":8,"skipped":0,"pct":5.44},"branches":{"total":1,"covered":1,"skipped":0,"pct":100}}
,"<repo-root>/contracts/lib/openzeppelin-contracts/test/utils/structs/CircularBuffer.test.js": {"lines":{"total":83,"covered":12,"skipped":0,"pct":14.45},"functions":{"total":1,"covered":0,"skipped":0,"pct":0},"statements":{"total":83,"covered":12,"skipped":0,"pct":14.45},"branches":{"total":1,"covered":1,"skipped":0,"pct":100}}
,"<repo-root>/contracts/lib/openzeppelin-contracts/test/utils/structs/DoubleEndedQueue.test.js": {"lines":{"total":144,"covered":8,"skipped":0,"pct":5.55},"functions":{"total":1,"covered":0,"skipped":0,"pct":0},"statements":{"total":144,"covered":8,"skipped":0,"pct":5.55},"branches":{"total":1,"covered":1,"skipped":0,"pct":100}}
,"<repo-root>/contracts/lib/openzeppelin-contracts/test/utils/structs/EnumerableMap.behavior.js": {"lines":{"total":214,"covered":9,"skipped":0,"pct":4.2},"functions":{"total":2,"covered":0,"skipped":0,"pct":0},"statements":{"total":214,"covered":9,"skipped":0,"pct":4.2},"branches":{"total":1,"covered":1,"skipped":0,"pct":100}}
,"<repo-root>/contracts/lib/openzeppelin-contracts/test/utils/structs/EnumerableMap.test.js": {"lines":{"total":83,"covered":15,"skipped":0,"pct":18.07},"functions":{"total":1,"covered":0,"skipped":0,"pct":0},"statements":{"total":83,"covered":15,"skipped":0,"pct":18.07},"branches":{"total":1,"covered":1,"skipped":0,"pct":100}}
,"<repo-root>/contracts/lib/openzeppelin-contracts/test/utils/structs/EnumerableSet.behavior.js": {"lines":{"total":175,"covered":7,"skipped":0,"pct":4},"functions":{"total":1,"covered":0,"skipped":0,"pct":0},"statements":{"total":175,"covered":7,"skipped":0,"pct":4},"branches":{"total":1,"covered":1,"skipped":0,"pct":100}}
,"<repo-root>/contracts/lib/openzeppelin-contracts/test/utils/structs/EnumerableSet.test.js": {"lines":{"total":66,"covered":15,"skipped":0,"pct":22.72},"functions":{"total":2,"covered":0,"skipped":0,"pct":0},"statements":{"total":66,"covered":15,"skipped":0,"pct":22.72},"branches":{"total":1,"covered":1,"skipped":0,"pct":100}}
,"<repo-root>/contracts/lib/openzeppelin-contracts/test/utils/structs/Heap.test.js": {"lines":{"total":113,"covered":8,"skipped":0,"pct":7.07},"functions":{"total":1,"covered":0,"skipped":0,"pct":0},"statements":{"total":113,"covered":8,"skipped":0,"pct":7.07},"branches":{"total":1,"covered":1,"skipped":0,"pct":100}}
,"<repo-root>/contracts/lib/openzeppelin-contracts/test/utils/structs/MerkleTree.test.js": {"lines":{"total":180,"covered":19,"skipped":0,"pct":10.55},"functions":{"total":2,"covered":0,"skipped":0,"pct":0},"statements":{"total":180,"covered":19,"skipped":0,"pct":10.55},"branches":{"total":1,"covered":1,"skipped":0,"pct":100}}
,"<repo-root>/contracts/lib/openzeppelin-contracts/test/utils/types/Time.test.js": {"lines":{"total":135,"covered":27,"skipped":0,"pct":20},"functions":{"total":5,"covered":0,"skipped":0,"pct":0},"statements":{"total":135,"covered":27,"skipped":0,"pct":20},"branches":{"total":1,"covered":1,"skipped":0,"pct":100}}
}
