TN:
SF:script/DeployEscrowFactory.s.sol
DA:9,2
FN:9,DeployEscrowFactory.run
FNDA:2,DeployEscrowFactory.run
DA:10,2
DA:11,2
DA:12,2
DA:14,2
DA:15,2
BRDA:15,0,0,1
BRDA:15,0,1,1
DA:16,1
DA:18,1
DA:19,1
DA:20,1
FNF:1
FNH:1
LF:10
LH:10
BRF:2
BRH:2
end_of_record
TN:
SF:src/EscrowFactory.sol
DA:44,41
FN:44,EscrowFactory.constructor
FNDA:41,EscrowFactory.constructor
DA:45,41
BRDA:45,0,0,2
DA:46,39
BRDA:46,1,0,1
DA:48,38
DA:49,38
DA:50,38
DA:51,38
DA:54,4
FN:54,EscrowFactory.pauseCreation
FNDA:4,EscrowFactory.pauseCreation
DA:55,4
BRDA:55,2,0,1
DA:56,3
DA:59,2
FN:59,EscrowFactory.unpauseCreation
FNDA:2,EscrowFactory.unpauseCreation
DA:60,2
BRDA:60,3,0,1
DA:61,1
DA:64,13
FN:64,EscrowFactory.createEscrow
FNDA:13,EscrowFactory.createEscrow
DA:71,13
DA:73,2
DA:83,2
DA:84,2
DA:86,2
DA:89,21
FN:89,EscrowFactory.createEscrowWidened
FNDA:21,EscrowFactory.createEscrowWidened
DA:97,21
DA:98,21
DA:100,2
DA:110,2
DA:111,2
DA:113,2
DA:114,2
DA:122,34
FN:122,EscrowFactory._validateCoreInputs
FNDA:34,EscrowFactory._validateCoreInputs
DA:129,1
BRDA:129,4,0,1
DA:130,33
BRDA:130,5,0,3
DA:131,3
DA:133,30
BRDA:133,6,0,3
DA:134,3
DA:136,27
BRDA:136,7,0,1
DA:137,26
BRDA:137,8,0,1
DA:139,25
DA:140,38
BRDA:140,9,0,1
DA:141,37
BRDA:141,10,0,1
DA:145,21
FN:145,EscrowFactory._validateWidenedConfig
FNDA:21,EscrowFactory._validateWidenedConfig
DA:151,21
BRDA:151,11,0,1
DA:152,1
DA:155,20
DA:156,20
DA:157,20
DA:159,20
DA:161,20
DA:162,71
DA:163,71
BRDA:163,12,0,1
DA:164,70
BRDA:164,13,0,1
DA:166,69
DA:167,94
BRDA:167,14,0,1
DA:168,1
DA:172,68
BRDA:172,15,0,20
DA:173,20
BRDA:173,16,0,1
DA:174,1
DA:176,19
DA:179,67
BRDA:179,17,0,18
DA:180,18
BRDA:180,18,0,1
DA:181,1
DA:183,17
DA:186,66
BRDA:186,19,0,16
DA:187,16
BRDA:187,20,0,1
DA:188,1
DA:190,15
DA:194,14
BRDA:194,21,0,1
DA:196,13
DA:198,13
DA:199,15
DA:201,15
BRDA:201,22,0,1
DA:202,1
DA:204,14
BRDA:204,23,0,1
DA:205,13
BRDA:205,24,0,1
DA:207,12
DA:209,2
DA:210,2
DA:211,2
BRDA:211,25,0,2
DA:212,2
DA:216,10
DA:217,10
BRDA:217,26,0,1
DA:218,9
BRDA:218,27,0,1
DA:219,8
BRDA:219,28,0,2
DA:221,6
DA:222,6
BRDA:222,29,0,2
DA:223,2
DA:228,2
FN:228,EscrowFactory._emptyWidenedConfig
FNDA:2,EscrowFactory._emptyWidenedConfig
DA:229,2
DA:230,2
DA:232,2
DA:239,10
FN:239,EscrowFactory._findRole
FNDA:10,EscrowFactory._findRole
DA:244,10
DA:245,23
BRDA:245,30,0,9
DA:246,9
DA:250,1
DA:253,17
FN:253,EscrowFactory._findActive
FNDA:17,EscrowFactory._findActive
DA:258,17
DA:259,51
BRDA:259,31,0,16
DA:260,16
DA:264,1
DA:267,6
FN:267,EscrowFactory._allowedPermissionsForRole
FNDA:6,EscrowFactory._allowedPermissionsForRole
DA:268,6
BRDA:268,32,0,3
DA:269,3
DA:270,3
DA:271,3
DA:275,3
BRDA:275,33,0,1
DA:276,1
DA:277,1
DA:281,2
BRDA:281,34,0,1
DA:282,1
DA:285,1
FNF:11
FNH:11
LF:109
LH:109
BRF:35
BRH:35
end_of_record
TN:
SF:src/MilestoneEscrow.sol
DA:66,2154
FN:66,MilestoneEscrow.constructor
FNDA:2154,MilestoneEscrow.constructor
DA:71,2154
DA:72,2154
DA:73,2154
DA:74,2154
DA:76,2154
DA:78,2154
BRDA:78,0,0,8
DA:79,8
DA:83,1
FN:83,MilestoneEscrow.buyer
FNDA:1,MilestoneEscrow.buyer
DA:84,1
DA:87,1
FN:87,MilestoneEscrow.seller
FNDA:1,MilestoneEscrow.seller
DA:88,1
DA:91,1
FN:91,MilestoneEscrow.arbiter
FNDA:1,MilestoneEscrow.arbiter
DA:92,1
DA:95,1
FN:95,MilestoneEscrow.token
FNDA:1,MilestoneEscrow.token
DA:96,1
DA:99,1
FN:99,MilestoneEscrow.metadataHash
FNDA:1,MilestoneEscrow.metadataHash
DA:100,1
DA:103,1
FN:103,MilestoneEscrow.feeRecipient
FNDA:1,MilestoneEscrow.feeRecipient
DA:104,1
DA:107,1
FN:107,MilestoneEscrow.protocolFeeBps
FNDA:1,MilestoneEscrow.protocolFeeBps
DA:108,1
DA:111,480876
FN:111,MilestoneEscrow.milestoneCount
FNDA:480876,MilestoneEscrow.milestoneCount
DA:112,480876
DA:115,83555
FN:115,MilestoneEscrow.getMilestone
FNDA:83555,MilestoneEscrow.getMilestone
DA:116,83555
BRDA:116,1,0,-
DA:117,83555
DA:120,82303
FN:120,MilestoneEscrow.fundMilestone
FNDA:82303,MilestoneEscrow.fundMilestone
DA:121,82303
DA:122,1874
DA:123,1874
BRDA:123,2,0,2
DA:124,1872
BRDA:124,3,0,1
DA:125,1871
BRDA:125,4,0,1
DA:127,1870
DA:128,1870
BRDA:128,5,0,259
DA:130,1611
DA:132,1611
DA:133,1611
DA:135,1611
BRDA:135,6,0,1611
DA:136,1611
DA:139,1611
DA:142,778
FN:142,MilestoneEscrow.fundAllMilestones
FNDA:778,MilestoneEscrow.fundAllMilestones
DA:143,778
DA:144,777
DA:145,777
BRDA:145,7,0,1
DA:147,776
DA:148,776
BRDA:148,8,0,-
DA:150,776
DA:152,776
DA:153,1295
BRDA:153,9,0,257
DA:154,257
DA:156,1038
DA:159,519
DA:161,519
DA:162,1038
DA:163,1038
DA:166,519
DA:168,519
BRDA:168,10,0,519
DA:169,519
DA:173,83914
FN:173,MilestoneEscrow.submitMilestone
FNDA:83914,MilestoneEscrow.submitMilestone
DA:174,83914
DA:175,3127
BRDA:175,11,0,2
DA:176,3125
BRDA:176,12,0,1
DA:177,3124
BRDA:177,13,0,1
DA:178,3123
BRDA:178,14,0,1
DA:180,3122
DA:181,3122
BRDA:181,15,0,516
DA:183,2606
DA:184,2606
DA:186,2606
DA:187,2606
DA:188,2606
DA:189,2606
DA:191,2606
DA:194,81315
FN:194,MilestoneEscrow.approveMilestone
FNDA:81315,MilestoneEscrow.approveMilestone
DA:195,81315
DA:196,1552
BRDA:196,16,0,1
DA:198,1551
DA:199,1551
BRDA:199,17,0,258
DA:200,1293
BRDA:200,18,0,-
DA:201,1293
BRDA:201,19,0,1
DA:202,1292
BRDA:202,20,0,1
DA:204,1291
DA:205,1291
DA:207,1290
DA:210,81223
FN:210,MilestoneEscrow.claimAfterReviewWindow
FNDA:81223,MilestoneEscrow.claimAfterReviewWindow
DA:211,81223
DA:212,1032
BRDA:212,21,0,1
DA:214,1031
DA:215,1031
BRDA:215,22,0,513
DA:216,518
BRDA:216,23,0,-
DA:217,518
BRDA:217,24,0,1
DA:218,517
BRDA:218,25,0,1
DA:220,516
DA:223,81084
FN:223,MilestoneEscrow.openDispute
FNDA:81084,MilestoneEscrow.openDispute
DA:224,81084
DA:225,1558
BRDA:225,26,0,1
DA:226,1557
BRDA:226,27,0,1
DA:227,1556
BRDA:227,28,0,1
DA:229,1555
DA:230,1555
BRDA:230,29,0,770
DA:231,785
BRDA:231,30,0,-
DA:232,785
BRDA:232,31,0,1
DA:234,784
DA:235,784
DA:236,784
DA:238,784
DA:241,1037
FN:241,MilestoneEscrow.resolveDispute
FNDA:1037,MilestoneEscrow.resolveDispute
DA:244,1037
DA:245,779
BRDA:245,32,0,1
DA:247,778
DA:248,2
BRDA:248,33,0,2
DA:249,2
DA:252,776
DA:253,776
BRDA:253,34,0,-
DA:254,776
BRDA:254,35,0,1
DA:256,775
DA:257,775
DA:259,775
DA:260,775
DA:261,775
DA:262,775
DA:263,775
DA:264,775
DA:265,775
DA:269,775
BRDA:269,36,0,773
DA:270,773
DA:273,774
BRDA:273,37,0,458
DA:274,458
DA:277,774
BRDA:277,38,0,403
DA:278,403
DA:281,774
DA:284,81595
FN:284,MilestoneEscrow.cancelUnfundedMilestones
FNDA:81595,MilestoneEscrow.cancelUnfundedMilestones
DA:285,81595
DA:287,81594
DA:288,81594
DA:290,81594
DA:291,162926
DA:294,162926
DA:295,162924
DA:296,3
BRDA:296,39,0,3
DA:297,3
DA:300,162923
BRDA:300,40,0,2832
DA:301,2832
DA:302,2832
DA:303,2832
DA:307,81591
BRDA:307,41,0,80046
DA:309,1545
DA:310,1545
DA:313,8
FN:313,MilestoneEscrow._configureWidenedAuthority
FNDA:8,MilestoneEscrow._configureWidenedAuthority
DA:314,8
BRDA:314,42,0,-
DA:315,0
DA:318,8
DA:319,8
DA:321,8
DA:322,8
DA:323,8
DA:325,8
DA:326,50
DA:327,50
BRDA:327,43,0,-
DA:328,50
BRDA:328,44,0,-
DA:330,50
DA:331,138
BRDA:331,45,0,-
DA:332,0
DA:336,50
DA:337,50
DA:339,50
BRDA:339,46,0,8
DA:340,8
BRDA:340,47,0,-
DA:341,0
DA:343,8
DA:345,50
BRDA:345,48,0,8
DA:346,8
BRDA:346,49,0,-
DA:347,0
DA:349,8
DA:351,50
BRDA:351,50,0,8
DA:352,8
BRDA:352,51,0,-
DA:353,0
DA:355,8
DA:359,8
BRDA:359,52,0,-
DA:361,8
DA:362,20
DA:364,20
BRDA:364,53,0,-
DA:365,0
DA:367,20
BRDA:367,54,0,-
DA:368,20
BRDA:368,55,0,-
DA:370,20
DA:372,18
DA:373,0
DA:374,0
BRDA:374,56,0,-
DA:375,0
DA:379,20
DA:380,20
BRDA:380,57,0,-
DA:381,20
BRDA:381,58,0,-
DA:382,0
DA:385,20
DA:386,20
BRDA:386,59,0,-
DA:388,20
DA:391,8
DA:392,8
DA:397,2154
FN:397,MilestoneEscrow._initializeMilestones
FNDA:2154,MilestoneEscrow._initializeMilestones
DA:398,2154
DA:399,3018
DA:415,493249
FN:415,MilestoneEscrow._requireAction
FNDA:493249,MilestoneEscrow._requireAction
DA:416,493249
BRDA:416,60,0,493249
DA:417,493249
DA:420,400956
BRDA:420,61,0,400950
DA:421,6
DA:424,2651
FN:424,MilestoneEscrow._payerForAction
FNDA:2651,MilestoneEscrow._payerForAction
DA:425,2651
BRDA:425,62,0,2651
DA:426,2651
BRDA:426,63,0,2649
DA:427,2649
DA:430,2
BRDA:430,64,0,2
DA:431,2
DA:435,0
DA:438,493249
FN:438,MilestoneEscrow._isAuthorized
FNDA:493249,MilestoneEscrow._isAuthorized
DA:439,493249
BRDA:439,65,0,83081
DA:440,83081
DA:443,410168
BRDA:443,66,0,83914
DA:444,83914
DA:447,326254
BRDA:447,67,0,81315
DA:448,81315
DA:451,244939
BRDA:451,68,0,81223
DA:452,81223
DA:455,163716
BRDA:455,69,0,81084
DA:456,81084
DA:459,82632
BRDA:459,70,0,1037
DA:460,1037
DA:463,81595
BRDA:463,71,0,81595
DA:464,81595
DA:465,81595
DA:466,81592
BRDA:466,72,0,81592
DA:467,81592
DA:470,3
DA:473,0
DA:476,493254
FN:476,MilestoneEscrow._isAuthorizedForRole
FNDA:493254,MilestoneEscrow._isAuthorizedForRole
DA:482,493254
BRDA:482,73,0,92288
DA:483,92288
DA:486,400966
BRDA:486,74,0,400953
DA:487,400953
DA:490,13
BRDA:490,75,0,5
DA:491,5
DA:494,8
BRDA:494,76,0,-
DA:495,0
DA:498,8
DA:499,8
BRDA:499,77,0,1
DA:500,1
DA:503,7
DA:506,20
FN:506,MilestoneEscrow._allowedPermissionsForRole
FNDA:20,MilestoneEscrow._allowedPermissionsForRole
DA:507,20
BRDA:507,78,0,7
DA:508,7
DA:509,7
DA:510,7
DA:514,13
BRDA:514,79,0,6
DA:515,6
DA:516,6
DA:520,7
BRDA:520,80,0,7
DA:521,7
DA:524,0
DA:527,1807
FN:527,MilestoneEscrow._payoutMilestone
FNDA:1807,MilestoneEscrow._payoutMilestone
DA:528,1807
DA:529,1807
DA:531,1807
DA:532,1807
DA:534,1807
BRDA:534,81,0,1807
DA:535,1807
DA:538,1805
BRDA:538,82,0,1562
DA:539,1562
DA:542,1805
DA:543,1805
DA:545,1805
DA:548,2582
FN:548,MilestoneEscrow._finalizeMilestone
FNDA:2582,MilestoneEscrow._finalizeMilestone
DA:551,2582
DA:553,2582
BRDA:553,83,0,782
BRDA:553,83,1,1800
DA:554,782
DA:556,1800
DA:557,1800
DA:561,5003
FN:561,MilestoneEscrow._safeTransfer
FNDA:5003,MilestoneEscrow._safeTransfer
DA:562,5003
DA:565,2130
FN:565,MilestoneEscrow._safeTransferFrom
FNDA:2130,MilestoneEscrow._safeTransferFrom
DA:566,2130
FNF:29
FNH:29
LF:280
LH:266
BRF:85
BRH:63
end_of_record
TN:
SF:test/MilestoneEscrow.Invariants.t.sol
DA:30,5
FN:30,MilestoneEscrowHandler.constructor
FNDA:5,MilestoneEscrowHandler.constructor
DA:31,5
DA:33,5
DA:43,5
DA:44,5
DA:45,5
DA:47,5
DA:49,5
DA:50,5
DA:51,5
DA:53,5
DA:56,80425
FN:56,MilestoneEscrowHandler.fundArbitrary
FNDA:80425,MilestoneEscrowHandler.fundArbitrary
DA:57,80425
DA:58,80425
BRDA:58,0,0,80425
DA:60,80425
DA:63,80785
FN:63,MilestoneEscrowHandler.submitArbitrary
FNDA:80785,MilestoneEscrowHandler.submitArbitrary
DA:64,80785
DA:66,80785
DA:67,80785
BRDA:67,1,0,80785
DA:69,80785
DA:72,79760
FN:72,MilestoneEscrowHandler.approveArbitrary
FNDA:79760,MilestoneEscrowHandler.approveArbitrary
DA:73,79760
DA:74,79760
BRDA:74,2,0,79760
DA:76,79760
DA:79,80190
FN:79,MilestoneEscrowHandler.warpAfterCurrentDeadline
FNDA:80190,MilestoneEscrowHandler.warpAfterCurrentDeadline
DA:80,80190
DA:82,80190
BRDA:82,3,0,-
DA:83,0
DA:84,0
DA:87,80190
DA:88,80190
BRDA:88,4,0,-
BRDA:88,4,1,80190
DA:89,0
DA:91,80190
DA:95,80190
FN:95,MilestoneEscrowHandler.claimArbitrary
FNDA:80190,MilestoneEscrowHandler.claimArbitrary
DA:96,80190
DA:97,80190
BRDA:97,5,0,80190
DA:99,80190
DA:102,79525
FN:102,MilestoneEscrowHandler.openDisputeArbitrary
FNDA:79525,MilestoneEscrowHandler.openDisputeArbitrary
DA:103,79525
DA:105,79525
DA:106,79525
BRDA:106,6,0,79525
DA:108,79525
DA:111,80295
FN:111,MilestoneEscrowHandler.resolveDispute
FNDA:80295,MilestoneEscrowHandler.resolveDispute
DA:112,80295
DA:113,80295
BRDA:113,7,0,80295
DA:115,0
DA:116,0
DA:117,0
DA:119,0
DA:120,0
BRDA:120,8,0,-
DA:122,0
DA:125,81330
FN:125,MilestoneEscrowHandler.cancelRemaining
FNDA:81330,MilestoneEscrowHandler.cancelRemaining
DA:126,81330
DA:127,81330
BRDA:127,9,0,81330
DA:129,81330
DA:132,400685
FN:132,MilestoneEscrowHandler._deriveMilestoneId
FNDA:400685,MilestoneEscrowHandler._deriveMilestoneId
DA:133,400685
DA:134,400685
BRDA:134,10,0,-
DA:136,400685
DA:139,482020
FN:139,MilestoneEscrowHandler._syncMaxIndex
FNDA:482020,MilestoneEscrowHandler._syncMaxIndex
DA:140,482020
DA:141,482020
BRDA:141,11,0,-
DA:142,0
DA:146,5
FN:146,MilestoneEscrowHandler._mvpWidenedConfig
FNDA:5,MilestoneEscrowHandler._mvpWidenedConfig
DA:147,5
DA:148,5
DA:149,5
FNF:12
FNH:12
LF:67
LH:57
BRF:13
BRH:8
end_of_record
TN:
SF:test/mocks/MockERC20.sol
DA:12,2130
FN:12,MockERC20.mint
FNDA:2130,MockERC20.mint
DA:13,2130
DA:16,2144
FN:16,MockERC20.approve
FNDA:2144,MockERC20.approve
DA:17,2144
DA:18,2144
DA:21,5000
FN:21,MockERC20.transfer
FNDA:5000,MockERC20.transfer
DA:22,5000
BRDA:22,0,0,-
BRDA:22,0,1,5000
DA:24,5000
DA:25,5000
DA:26,5000
DA:29,2127
FN:29,MockERC20.transferFrom
FNDA:2127,MockERC20.transferFrom
DA:30,2127
DA:31,2127
BRDA:31,1,0,-
BRDA:31,1,1,2127
DA:32,2127
BRDA:32,2,0,-
BRDA:32,2,1,2127
DA:34,2127
DA:35,2127
DA:36,2127
DA:37,2127
FNF:4
FNH:4
LF:18
LH:18
BRF:6
BRH:3
end_of_record
TN:
SF:test/mocks/MockFailingTransferERC20.sol
DA:12,3
FN:12,MockFailingTransferERC20.mint
FNDA:3,MockFailingTransferERC20.mint
DA:13,3
DA:16,3
FN:16,MockFailingTransferERC20.approve
FNDA:3,MockFailingTransferERC20.approve
DA:17,3
DA:18,3
DA:21,3
FN:21,MockFailingTransferERC20.transfer
FNDA:3,MockFailingTransferERC20.transfer
DA:22,0
DA:25,3
FN:25,MockFailingTransferERC20.transferFrom
FNDA:3,MockFailingTransferERC20.transferFrom
DA:26,3
DA:27,3
BRDA:27,0,0,-
BRDA:27,0,1,3
DA:28,3
BRDA:28,1,0,-
BRDA:28,1,1,3
DA:30,3
DA:31,3
DA:32,3
DA:33,3
FNF:4
FNH:4
LF:15
LH:14
BRF:4
BRH:2
end_of_record
