TN:
SF:script/DeployEscrowFactory.s.sol
DA:9,1
FN:9,DeployEscrowFactory.run
FNDA:1,DeployEscrowFactory.run
DA:10,1
DA:11,1
DA:12,1
DA:13,1
DA:15,1
DA:18,1
FN:18,DeployEscrowFactory.deployFromConfig
FNDA:1,DeployEscrowFactory.deployFromConfig
DA:24,2
BRDA:24,0,0,1
BRDA:24,0,1,1
DA:25,1
DA:27,1
DA:28,1
DA:29,1
FNF:2
FNH:2
LF:12
LH:12
BRF:2
BRH:2
end_of_record
TN:
SF:src/EscrowFactory.sol
DA:44,41
FN:44,EscrowFactory.constructor
FNDA:41,EscrowFactory.constructor
DA:45,41
BRDA:45,0,0,2
DA:46,39
BRDA:46,1,0,1
DA:48,38
DA:49,38
DA:50,38
DA:51,38
DA:54,4
FN:54,EscrowFactory.pauseCreation
FNDA:4,EscrowFactory.pauseCreation
DA:55,4
BRDA:55,2,0,1
DA:56,3
DA:59,2
FN:59,EscrowFactory.unpauseCreation
FNDA:2,EscrowFactory.unpauseCreation
DA:60,2
BRDA:60,3,0,1
DA:61,1
DA:64,13
FN:64,EscrowFactory.createEscrow
FNDA:13,EscrowFactory.createEscrow
DA:71,13
DA:73,2
DA:83,2
DA:84,2
DA:86,2
DA:89,21
FN:89,EscrowFactory.createEscrowWidened
FNDA:21,EscrowFactory.createEscrowWidened
DA:97,21
DA:98,21
DA:100,2
DA:110,2
DA:111,2
DA:113,2
DA:114,2
DA:122,34
FN:122,EscrowFactory._validateCoreInputs
FNDA:34,EscrowFactory._validateCoreInputs
DA:129,1
BRDA:129,4,0,1
DA:130,33
BRDA:130,5,0,3
DA:131,3
DA:133,30
BRDA:133,6,0,3
DA:134,3
DA:136,27
BRDA:136,7,0,1
DA:137,26
BRDA:137,8,0,1
DA:139,25
DA:140,38
BRDA:140,9,0,1
DA:141,37
BRDA:141,10,0,1
DA:145,21
FN:145,EscrowFactory._validateWidenedConfig
FNDA:21,EscrowFactory._validateWidenedConfig
DA:151,21
BRDA:151,11,0,1
DA:152,1
DA:155,20
DA:156,20
DA:157,20
DA:159,20
DA:161,20
DA:162,71
DA:163,71
BRDA:163,12,0,1
DA:164,70
BRDA:164,13,0,1
DA:166,69
DA:167,94
BRDA:167,14,0,1
DA:168,1
DA:172,68
BRDA:172,15,0,20
DA:173,20
BRDA:173,16,0,1
DA:174,1
DA:176,19
DA:179,67
BRDA:179,17,0,18
DA:180,18
BRDA:180,18,0,1
DA:181,1
DA:183,17
DA:186,66
BRDA:186,19,0,16
DA:187,16
BRDA:187,20,0,1
DA:188,1
DA:190,15
DA:194,14
BRDA:194,21,0,1
DA:196,13
DA:198,13
DA:199,15
DA:201,15
BRDA:201,22,0,1
DA:202,1
DA:204,14
BRDA:204,23,0,1
DA:205,13
BRDA:205,24,0,1
DA:207,12
DA:209,2
DA:210,2
DA:211,2
BRDA:211,25,0,2
DA:212,2
DA:216,10
DA:217,10
BRDA:217,26,0,1
DA:218,9
BRDA:218,27,0,1
DA:219,8
BRDA:219,28,0,2
DA:221,6
DA:222,6
BRDA:222,29,0,2
DA:223,2
DA:228,2
FN:228,EscrowFactory._emptyWidenedConfig
FNDA:2,EscrowFactory._emptyWidenedConfig
DA:229,2
DA:230,2
DA:232,2
DA:239,10
FN:239,EscrowFactory._findRole
FNDA:10,EscrowFactory._findRole
DA:244,10
DA:245,23
BRDA:245,30,0,9
DA:246,9
DA:250,1
DA:253,17
FN:253,EscrowFactory._findActive
FNDA:17,EscrowFactory._findActive
DA:258,17
DA:259,51
BRDA:259,31,0,16
DA:260,16
DA:264,1
DA:267,6
FN:267,EscrowFactory._allowedPermissionsForRole
FNDA:6,EscrowFactory._allowedPermissionsForRole
DA:268,6
BRDA:268,32,0,3
DA:269,3
DA:270,3
DA:271,3
DA:275,3
BRDA:275,33,0,1
DA:276,1
DA:277,1
DA:281,2
BRDA:281,34,0,1
DA:282,1
DA:285,1
FNF:11
FNH:11
LF:109
LH:109
BRF:35
BRH:35
end_of_record
TN:
SF:src/MilestoneEscrow.sol
DA:66,2244
FN:66,MilestoneEscrow.constructor
FNDA:2244,MilestoneEscrow.constructor
DA:71,2244
DA:72,2244
DA:73,2244
DA:74,2244
DA:76,2244
DA:78,2244
BRDA:78,0,0,44
DA:79,44
DA:83,1
FN:83,MilestoneEscrow.buyer
FNDA:1,MilestoneEscrow.buyer
DA:84,1
DA:87,1
FN:87,MilestoneEscrow.seller
FNDA:1,MilestoneEscrow.seller
DA:88,1
DA:91,1
FN:91,MilestoneEscrow.arbiter
FNDA:1,MilestoneEscrow.arbiter
DA:92,1
DA:95,1
FN:95,MilestoneEscrow.token
FNDA:1,MilestoneEscrow.token
DA:96,1
DA:99,1
FN:99,MilestoneEscrow.metadataHash
FNDA:1,MilestoneEscrow.metadataHash
DA:100,1
DA:103,1
FN:103,MilestoneEscrow.feeRecipient
FNDA:1,MilestoneEscrow.feeRecipient
DA:104,1
DA:107,2
FN:107,MilestoneEscrow.protocolFeeBps
FNDA:2,MilestoneEscrow.protocolFeeBps
DA:108,2
DA:111,480880
FN:111,MilestoneEscrow.milestoneCount
FNDA:480880,MilestoneEscrow.milestoneCount
DA:112,480880
DA:115,83563
FN:115,MilestoneEscrow.getMilestone
FNDA:83563,MilestoneEscrow.getMilestone
DA:116,83563
BRDA:116,1,0,1
DA:117,83562
DA:120,82337
FN:120,MilestoneEscrow.fundMilestone
FNDA:82337,MilestoneEscrow.fundMilestone
DA:121,82337
DA:122,1906
DA:123,1906
BRDA:123,2,0,2
DA:124,1904
BRDA:124,3,0,1
DA:125,1903
BRDA:125,4,0,1
DA:127,1902
DA:128,1902
BRDA:128,5,0,259
DA:130,1643
DA:132,1643
DA:133,1643
DA:135,1643
BRDA:135,6,0,1642
DA:136,1642
DA:139,1643
DA:142,783
FN:142,MilestoneEscrow.fundAllMilestones
FNDA:783,MilestoneEscrow.fundAllMilestones
DA:143,783
DA:144,782
DA:145,782
BRDA:145,7,0,1
DA:147,781
DA:148,781
BRDA:148,8,0,1
DA:150,780
DA:152,780
DA:153,1302
BRDA:153,9,0,258
DA:154,258
DA:156,1044
DA:159,522
DA:161,522
DA:162,1044
DA:163,1044
DA:166,522
DA:168,522
BRDA:168,10,0,522
DA:169,522
DA:173,83920
FN:173,MilestoneEscrow.submitMilestone
FNDA:83920,MilestoneEscrow.submitMilestone
DA:174,83920
DA:175,3133
BRDA:175,11,0,2
DA:176,3131
BRDA:176,12,0,1
DA:177,3130
BRDA:177,13,0,1
DA:178,3129
BRDA:178,14,0,1
DA:180,3128
DA:181,3128
BRDA:181,15,0,516
DA:183,2612
DA:184,2612
DA:186,2612
DA:187,2612
DA:188,2612
DA:189,2612
DA:191,2612
DA:194,81319
FN:194,MilestoneEscrow.approveMilestone
FNDA:81319,MilestoneEscrow.approveMilestone
DA:195,81319
DA:196,1556
BRDA:196,16,0,1
DA:198,1555
DA:199,1555
BRDA:199,17,0,258
DA:200,1297
BRDA:200,18,0,1
DA:201,1296
BRDA:201,19,0,1
DA:202,1295
BRDA:202,20,0,1
DA:204,1294
DA:205,1294
DA:207,1293
DA:210,81224
FN:210,MilestoneEscrow.claimAfterReviewWindow
FNDA:81224,MilestoneEscrow.claimAfterReviewWindow
DA:211,81224
DA:212,1033
BRDA:212,21,0,1
DA:214,1032
DA:215,1032
BRDA:215,22,0,513
DA:216,519
BRDA:216,23,0,1
DA:217,518
BRDA:217,24,0,1
DA:218,517
BRDA:218,25,0,1
DA:220,516
DA:223,81086
FN:223,MilestoneEscrow.openDispute
FNDA:81086,MilestoneEscrow.openDispute
DA:224,81086
DA:225,1560
BRDA:225,26,0,1
DA:226,1559
BRDA:226,27,0,1
DA:227,1558
BRDA:227,28,0,1
DA:229,1557
DA:230,1557
BRDA:230,29,0,770
DA:231,787
BRDA:231,30,0,1
DA:232,786
BRDA:232,31,0,1
DA:234,785
DA:235,785
DA:236,785
DA:238,785
DA:241,1039
FN:241,MilestoneEscrow.resolveDispute
FNDA:1039,MilestoneEscrow.resolveDispute
DA:244,1039
DA:245,781
BRDA:245,32,0,1
DA:247,780
DA:248,2
BRDA:248,33,0,2
DA:249,2
DA:252,778
DA:253,778
BRDA:253,34,0,1
DA:254,777
BRDA:254,35,0,1
DA:256,776
DA:257,776
DA:259,776
DA:260,776
DA:261,776
DA:262,776
DA:263,776
DA:264,776
DA:265,776
DA:269,776
BRDA:269,36,0,774
DA:270,774
DA:273,775
BRDA:273,37,0,459
DA:274,459
DA:277,775
BRDA:277,38,0,404
DA:278,404
DA:281,775
DA:284,81595
FN:284,MilestoneEscrow.cancelUnfundedMilestones
FNDA:81595,MilestoneEscrow.cancelUnfundedMilestones
DA:285,81595
DA:287,81594
DA:288,81594
DA:290,81594
DA:291,162926
DA:294,162926
DA:295,162924
DA:296,3
BRDA:296,39,0,3
DA:297,3
DA:300,162923
BRDA:300,40,0,2832
DA:301,2832
DA:302,2832
DA:303,2832
DA:307,81591
BRDA:307,41,0,80046
DA:309,1545
DA:310,1545
DA:313,44
FN:313,MilestoneEscrow._configureWidenedAuthority
FNDA:44,MilestoneEscrow._configureWidenedAuthority
DA:314,44
BRDA:314,42,0,1
DA:315,1
DA:318,43
DA:319,43
DA:321,43
DA:322,43
DA:323,43
DA:325,43
DA:326,233
DA:327,233
BRDA:327,43,0,1
DA:328,232
BRDA:328,44,0,1
DA:330,231
DA:331,606
BRDA:331,45,0,1
DA:332,1
DA:336,230
DA:337,230
DA:339,230
BRDA:339,46,0,40
DA:340,40
BRDA:340,47,0,2
DA:341,2
DA:343,38
DA:345,228
BRDA:345,48,0,38
DA:346,38
BRDA:346,49,0,1
DA:347,1
DA:349,37
DA:351,227
BRDA:351,50,0,36
DA:352,36
BRDA:352,51,0,1
DA:353,1
DA:355,35
DA:359,36
BRDA:359,52,0,3
DA:361,33
DA:362,75
DA:364,75
BRDA:364,53,0,1
DA:365,1
DA:367,74
BRDA:367,54,0,1
DA:368,73
BRDA:368,55,0,2
DA:370,71
DA:372,62
DA:373,1
DA:374,1
BRDA:374,56,0,1
DA:375,1
DA:379,70
DA:380,70
BRDA:380,57,0,1
DA:381,69
BRDA:381,58,0,1
DA:382,1
DA:385,68
DA:386,68
BRDA:386,59,0,1
DA:388,67
DA:391,25
DA:392,25
DA:397,2244
FN:397,MilestoneEscrow._initializeMilestones
FNDA:2244,MilestoneEscrow._initializeMilestones
DA:398,2244
DA:399,3178
DA:415,493303
FN:415,MilestoneEscrow._requireAction
FNDA:493303,MilestoneEscrow._requireAction
DA:416,493303
BRDA:416,60,0,493303
DA:417,493303
DA:420,400958
BRDA:420,61,0,400950
DA:421,8
DA:424,2689
FN:424,MilestoneEscrow._payerForAction
FNDA:2689,MilestoneEscrow._payerForAction
DA:425,2689
BRDA:425,62,0,2688
DA:426,2688
BRDA:426,63,0,2686
DA:427,2686
DA:430,2
BRDA:430,64,0,2
DA:431,2
DA:435,1
DA:438,493304
FN:438,MilestoneEscrow._isAuthorized
FNDA:493304,MilestoneEscrow._isAuthorized
DA:439,493304
BRDA:439,65,0,83120
DA:440,83120
DA:443,410184
BRDA:443,66,0,83920
DA:444,83920
DA:447,326264
BRDA:447,67,0,81319
DA:448,81319
DA:451,244945
BRDA:451,68,0,81224
DA:452,81224
DA:455,163721
BRDA:455,69,0,81086
DA:456,81086
DA:459,82635
BRDA:459,70,0,1039
DA:460,1039
DA:463,81596
BRDA:463,71,0,81596
DA:464,81596
DA:465,81596
DA:466,81592
BRDA:466,72,0,81592
DA:467,81592
DA:470,4
DA:473,0
DA:476,493312
FN:476,MilestoneEscrow._isAuthorizedForRole
FNDA:493312,MilestoneEscrow._isAuthorizedForRole
DA:482,493312
BRDA:482,73,0,92340
DA:483,92340
DA:486,400972
BRDA:486,74,0,400953
DA:487,400953
DA:490,19
BRDA:490,75,0,9
DA:491,9
DA:494,10
BRDA:494,76,0,1
DA:495,1
DA:498,9
DA:499,9
BRDA:499,77,0,2
DA:500,2
DA:503,7
DA:506,69
FN:506,MilestoneEscrow._allowedPermissionsForRole
FNDA:69,MilestoneEscrow._allowedPermissionsForRole
DA:507,69
BRDA:507,78,0,26
DA:508,26
DA:509,26
DA:510,26
DA:514,43
BRDA:514,79,0,21
DA:515,21
DA:516,21
DA:520,22
BRDA:520,80,0,21
DA:521,21
DA:524,1
DA:527,1810
FN:527,MilestoneEscrow._payoutMilestone
FNDA:1810,MilestoneEscrow._payoutMilestone
DA:528,1810
DA:529,1810
DA:531,1810
DA:532,1810
DA:534,1810
BRDA:534,81,0,1810
DA:535,1810
DA:538,1808
BRDA:538,82,0,1565
DA:539,1565
DA:542,1808
DA:543,1808
DA:545,1808
DA:548,2586
FN:548,MilestoneEscrow._finalizeMilestone
FNDA:2586,MilestoneEscrow._finalizeMilestone
DA:551,2586
DA:553,2586
BRDA:553,83,0,784
BRDA:553,83,1,1802
DA:554,784
DA:556,1802
DA:557,1802
DA:561,5012
FN:561,MilestoneEscrow._safeTransfer
FNDA:5012,MilestoneEscrow._safeTransfer
DA:562,5012
DA:565,2165
FN:565,MilestoneEscrow._safeTransferFrom
FNDA:2165,MilestoneEscrow._safeTransferFrom
DA:566,2165
FNF:29
FNH:29
LF:280
LH:279
BRF:85
BRH:85
end_of_record
TN:
SF:test/MilestoneEscrow.Invariants.t.sol
DA:30,11
FN:30,MilestoneEscrowHandler.constructor.0
FNDA:11,MilestoneEscrowHandler.constructor.0
DA:31,11
DA:33,11
DA:43,11
DA:44,11
DA:45,11
DA:47,11
DA:49,11
DA:50,11
DA:51,11
DA:53,11
DA:56,80425
FN:56,MilestoneEscrowHandler.fundArbitrary
FNDA:80425,MilestoneEscrowHandler.fundArbitrary
DA:57,80425
DA:58,80425
BRDA:58,0,0,80425
DA:60,80425
DA:63,80785
FN:63,MilestoneEscrowHandler.submitArbitrary
FNDA:80785,MilestoneEscrowHandler.submitArbitrary
DA:64,80785
DA:66,80785
DA:67,80785
BRDA:67,1,0,80785
DA:69,80785
DA:72,79760
FN:72,MilestoneEscrowHandler.approveArbitrary
FNDA:79760,MilestoneEscrowHandler.approveArbitrary
DA:73,79760
DA:74,79760
BRDA:74,2,0,79760
DA:76,79760
DA:79,80193
FN:79,MilestoneEscrowHandler.warpAfterCurrentDeadline
FNDA:80193,MilestoneEscrowHandler.warpAfterCurrentDeadline
DA:80,80193
DA:82,80193
BRDA:82,3,0,1
DA:83,1
DA:84,1
DA:87,80192
DA:88,80192
BRDA:88,4,0,1
BRDA:88,4,1,80191
DA:89,1
DA:91,80191
DA:95,80190
FN:95,MilestoneEscrowHandler.claimArbitrary
FNDA:80190,MilestoneEscrowHandler.claimArbitrary
DA:96,80190
DA:97,80190
BRDA:97,5,0,80190
DA:99,80190
DA:102,79525
FN:102,MilestoneEscrowHandler.openDisputeArbitrary
FNDA:79525,MilestoneEscrowHandler.openDisputeArbitrary
DA:103,79525
DA:105,79525
DA:106,79525
BRDA:106,6,0,79525
DA:108,79525
DA:111,80297
FN:111,MilestoneEscrowHandler.resolveDispute
FNDA:80297,MilestoneEscrowHandler.resolveDispute
DA:112,80297
DA:113,80297
BRDA:113,7,0,80296
DA:115,1
DA:116,1
DA:117,1
DA:119,1
DA:120,1
BRDA:120,8,0,1
DA:122,1
DA:125,81330
FN:125,MilestoneEscrowHandler.cancelRemaining
FNDA:81330,MilestoneEscrowHandler.cancelRemaining
DA:126,81330
DA:127,81330
BRDA:127,9,0,81330
DA:129,81330
DA:132,0
FN:132,MilestoneEscrowHandler.deriveMilestoneIdForTest.0
FNDA:0,MilestoneEscrowHandler.deriveMilestoneIdForTest.0
DA:133,0
DA:136,400685
FN:136,MilestoneEscrowHandler._deriveMilestoneId
FNDA:400685,MilestoneEscrowHandler._deriveMilestoneId
DA:137,400685
DA:138,400685
DA:141,482027
FN:141,MilestoneEscrowHandler._syncMaxIndex
FNDA:482027,MilestoneEscrowHandler._syncMaxIndex
DA:142,482027
DA:143,482027
BRDA:143,10,0,1
DA:144,1
DA:148,11
FN:148,MilestoneEscrowHandler._mvpWidenedConfig.0
FNDA:11,MilestoneEscrowHandler._mvpWidenedConfig.0
DA:149,11
DA:150,11
DA:151,11
DA:167,1
FN:167,MilestoneEscrowHandlerZeroMilestones.constructor.1
FNDA:1,MilestoneEscrowHandlerZeroMilestones.constructor.1
DA:168,1
DA:170,1
DA:180,1
DA:182,1
DA:185,1
FN:185,MilestoneEscrowHandlerZeroMilestones.deriveMilestoneIdForTest.1
FNDA:1,MilestoneEscrowHandlerZeroMilestones.deriveMilestoneIdForTest.1
DA:186,0
DA:189,1
FN:189,MilestoneEscrowHandlerZeroMilestones._mvpWidenedConfig.1
FNDA:1,MilestoneEscrowHandlerZeroMilestones._mvpWidenedConfig.1
DA:190,1
DA:191,1
DA:192,1
FNF:16
FNH:15
LF:79
LH:76
BRF:12
BRH:12
end_of_record
TN:
SF:test/MilestoneEscrow.Submission.t.sol
DA:52,1
FN:52,MilestoneEscrowInternalHarness.exposedPayerForAction
FNDA:1,MilestoneEscrowInternalHarness.exposedPayerForAction
DA:53,1
DA:56,1
FN:56,MilestoneEscrowInternalHarness.exposedIsAuthorized
FNDA:1,MilestoneEscrowInternalHarness.exposedIsAuthorized
DA:57,1
DA:60,1
FN:60,MilestoneEscrowInternalHarness.exposedIsAuthorizedRaw
FNDA:1,MilestoneEscrowInternalHarness.exposedIsAuthorizedRaw
DA:61,1
DA:64,2
FN:64,MilestoneEscrowInternalHarness.exposedIsAuthorizedForRole
FNDA:2,MilestoneEscrowInternalHarness.exposedIsAuthorizedForRole
DA:70,2
DA:73,1
FN:73,MilestoneEscrowInternalHarness.exposedAllowedPermissionsForRole
FNDA:1,MilestoneEscrowInternalHarness.exposedAllowedPermissionsForRole
DA:74,1
FNF:5
FNH:5
LF:10
LH:10
BRF:0
BRH:0
end_of_record
TN:
SF:test/mocks/MockERC20.sol
DA:12,2179
FN:12,MockERC20.mint
FNDA:2179,MockERC20.mint
DA:13,2179
DA:16,2211
FN:16,MockERC20.approve
FNDA:2211,MockERC20.approve
DA:17,2211
DA:18,2211
DA:21,5011
FN:21,MockERC20.transfer
FNDA:5011,MockERC20.transfer
DA:22,5011
BRDA:22,0,0,1
BRDA:22,0,1,5010
DA:24,5010
DA:25,5010
DA:26,5010
DA:29,2165
FN:29,MockERC20.transferFrom
FNDA:2165,MockERC20.transferFrom
DA:30,2165
DA:31,2165
BRDA:31,1,0,1
BRDA:31,1,1,2164
DA:32,2164
BRDA:32,2,0,1
BRDA:32,2,1,2163
DA:34,2163
DA:35,2163
DA:36,2163
DA:37,2163
FNF:4
FNH:4
LF:18
LH:18
BRF:6
BRH:6
end_of_record
TN:
SF:test/mocks/MockFailingTransferERC20.sol
DA:12,6
FN:12,MockFailingTransferERC20.mint
FNDA:6,MockFailingTransferERC20.mint
DA:13,6
DA:16,7
FN:16,MockFailingTransferERC20.approve
FNDA:7,MockFailingTransferERC20.approve
DA:17,7
DA:18,7
DA:21,5
FN:21,MockFailingTransferERC20.transfer
FNDA:5,MockFailingTransferERC20.transfer
DA:22,0
DA:25,6
FN:25,MockFailingTransferERC20.transferFrom
FNDA:6,MockFailingTransferERC20.transferFrom
DA:26,6
DA:27,6
BRDA:27,0,0,1
BRDA:27,0,1,5
DA:28,5
BRDA:28,1,0,1
BRDA:28,1,1,4
DA:30,4
DA:31,4
DA:32,4
DA:33,4
FNF:4
FNH:4
LF:15
LH:14
BRF:4
BRH:4
end_of_record
